[0.260s] DEBUG:colcon:Command line arguments: ['/usr/bin/colcon', 'build']
[0.260s] DEBUG:colcon:Parsed command line arguments: Namespace(log_base=None, log_level=None, verb_name='build', build_base='build', install_base='install', merge_install=False, symlink_install=False, test_result_base=None, continue_on_error=False, executor='parallel', parallel_workers=4, event_handlers=None, ignore_user_meta=False, metas=['./colcon.meta'], base_paths=['.'], packages_ignore=None, packages_ignore_regex=None, paths=None, packages_up_to=None, packages_up_to_regex=None, packages_above=None, packages_above_and_dependencies=None, packages_above_depth=None, packages_select_by_dep=None, packages_skip_by_dep=None, packages_skip_up_to=None, packages_select_build_failed=False, packages_skip_build_finished=False, packages_select_test_failures=False, packages_skip_test_passed=False, packages_select=None, packages_skip=None, packages_select_regex=None, packages_skip_regex=None, packages_start=None, packages_end=None, allow_overriding=[], cmake_args=None, cmake_target=None, cmake_target_skip_unavailable=False, cmake_clean_cache=False, cmake_clean_first=False, cmake_force_configure=False, ament_cmake_args=None, catkin_cmake_args=None, catkin_skip_building_tests=False, mixin_files=None, mixin=None, verb_parser=<colcon_mixin.mixin.mixin_argument.MixinArgumentDecorator object at 0x7292918536d0>, verb_extension=<colcon_core.verb.build.BuildVerb object at 0x72929199c5b0>, main=<bound method BuildVerb.main of <colcon_core.verb.build.BuildVerb object at 0x72929199c5b0>>, mixin_verb=('build',))
[0.495s] Level 1:colcon.colcon_core.package_discovery:discover_packages(colcon_meta) check parameters
[0.495s] Level 1:colcon.colcon_core.package_discovery:discover_packages(recursive) check parameters
[0.495s] Level 1:colcon.colcon_core.package_discovery:discover_packages(ignore) check parameters
[0.495s] Level 1:colcon.colcon_core.package_discovery:discover_packages(path) check parameters
[0.495s] Level 1:colcon.colcon_core.package_discovery:discover_packages(colcon_meta) discover
[0.496s] Level 1:colcon.colcon_core.package_discovery:discover_packages(recursive) discover
[0.496s] INFO:colcon.colcon_core.package_discovery:Crawling recursively for packages in '/home/saheed/task4_submission/task4_ws'
[0.496s] Level 1:colcon.colcon_core.package_identification:_identify(.) by extensions ['ignore', 'ignore_ament_install']
[0.496s] Level 1:colcon.colcon_core.package_identification:_identify(.) by extension 'ignore'
[0.496s] Level 1:colcon.colcon_core.package_identification:_identify(.) by extension 'ignore_ament_install'
[0.496s] Level 1:colcon.colcon_core.package_identification:_identify(.) by extensions ['colcon_pkg']
[0.496s] Level 1:colcon.colcon_core.package_identification:_identify(.) by extension 'colcon_pkg'
[0.496s] Level 1:colcon.colcon_core.package_identification:_identify(.) by extensions ['colcon_meta']
[0.496s] Level 1:colcon.colcon_core.package_identification:_identify(.) by extension 'colcon_meta'
[0.496s] Level 1:colcon.colcon_core.package_identification:_identify(.) by extensions ['ros']
[0.496s] Level 1:colcon.colcon_core.package_identification:_identify(.) by extension 'ros'
[0.519s] Level 1:colcon.colcon_core.package_identification:_identify(.) by extensions ['cmake', 'python']
[0.519s] Level 1:colcon.colcon_core.package_identification:_identify(.) by extension 'cmake'
[0.519s] Level 1:colcon.colcon_core.package_identification:_identify(.) by extension 'python'
[0.519s] Level 1:colcon.colcon_core.package_identification:_identify(.) by extensions ['python_setup_py']
[0.519s] Level 1:colcon.colcon_core.package_identification:_identify(.) by extension 'python_setup_py'
[0.519s] Level 1:colcon.colcon_core.package_identification:_identify(build) by extensions ['ignore', 'ignore_ament_install']
[0.519s] Level 1:colcon.colcon_core.package_identification:_identify(build) by extension 'ignore'
[0.520s] Level 1:colcon.colcon_core.package_identification:_identify(build) ignored
[0.520s] Level 1:colcon.colcon_core.package_identification:_identify(install) by extensions ['ignore', 'ignore_ament_install']
[0.520s] Level 1:colcon.colcon_core.package_identification:_identify(install) by extension 'ignore'
[0.520s] Level 1:colcon.colcon_core.package_identification:_identify(install) ignored
[0.520s] Level 1:colcon.colcon_core.package_identification:_identify(kortex-gen3_description) by extensions ['ignore', 'ignore_ament_install']
[0.520s] Level 1:colcon.colcon_core.package_identification:_identify(kortex-gen3_description) by extension 'ignore'
[0.520s] Level 1:colcon.colcon_core.package_identification:_identify(kortex-gen3_description) by extension 'ignore_ament_install'
[0.521s] Level 1:colcon.colcon_core.package_identification:_identify(kortex-gen3_description) by extensions ['colcon_pkg']
[0.521s] Level 1:colcon.colcon_core.package_identification:_identify(kortex-gen3_description) by extension 'colcon_pkg'
[0.521s] Level 1:colcon.colcon_core.package_identification:_identify(kortex-gen3_description) by extensions ['colcon_meta']
[0.521s] Level 1:colcon.colcon_core.package_identification:_identify(kortex-gen3_description) by extension 'colcon_meta'
[0.521s] Level 1:colcon.colcon_core.package_identification:_identify(kortex-gen3_description) by extensions ['ros']
[0.521s] Level 1:colcon.colcon_core.package_identification:_identify(kortex-gen3_description) by extension 'ros'
[0.551s] DEBUG:colcon.colcon_core.package_identification:Package 'kortex-gen3_description' with type 'ros.ament_cmake' and name 'kortex-gen3_description'
[0.551s] Level 1:colcon.colcon_core.package_identification:_identify(log) by extensions ['ignore', 'ignore_ament_install']
[0.551s] Level 1:colcon.colcon_core.package_identification:_identify(log) by extension 'ignore'
[0.551s] Level 1:colcon.colcon_core.package_identification:_identify(log) ignored
[0.551s] Level 1:colcon.colcon_core.package_discovery:discover_packages(recursive) using defaults
[0.551s] Level 1:colcon.colcon_core.package_discovery:discover_packages(ignore) discover
[0.551s] Level 1:colcon.colcon_core.package_discovery:discover_packages(ignore) using defaults
[0.551s] Level 1:colcon.colcon_core.package_discovery:discover_packages(path) discover
[0.551s] Level 1:colcon.colcon_core.package_discovery:discover_packages(path) using defaults
[0.581s] Level 1:colcon.colcon_core.package_discovery:discover_packages(prefix_path) check parameters
[0.581s] Level 1:colcon.colcon_core.package_discovery:discover_packages(prefix_path) discover
[0.669s] DEBUG:colcon.colcon_installed_package_information.package_discovery:Found 1 installed packages in /home/saheed/testing_ws/install
[0.670s] DEBUG:colcon.colcon_installed_package_information.package_discovery:Found 4 installed packages in /home/saheed/ros2_ws/install
[0.673s] DEBUG:colcon.colcon_installed_package_information.package_discovery:Found 17 installed packages in /home/saheed/ros2_class1_ws/install
[0.677s] DEBUG:colcon.colcon_installed_package_information.package_discovery:Found 339 installed packages in /opt/ros/humble
[0.683s] Level 1:colcon.colcon_core.package_discovery:discover_packages(prefix_path) using defaults
[1.171s] Level 5:colcon.colcon_core.verb:set package 'kortex-gen3_description' build argument 'cmake_args' from command line to 'None'
[1.171s] Level 5:colcon.colcon_core.verb:set package 'kortex-gen3_description' build argument 'cmake_target' from command line to 'None'
[1.171s] Level 5:colcon.colcon_core.verb:set package 'kortex-gen3_description' build argument 'cmake_target_skip_unavailable' from command line to 'False'
[1.171s] Level 5:colcon.colcon_core.verb:set package 'kortex-gen3_description' build argument 'cmake_clean_cache' from command line to 'False'
[1.171s] Level 5:colcon.colcon_core.verb:set package 'kortex-gen3_description' build argument 'cmake_clean_first' from command line to 'False'
[1.171s] Level 5:colcon.colcon_core.verb:set package 'kortex-gen3_description' build argument 'cmake_force_configure' from command line to 'False'
[1.171s] Level 5:colcon.colcon_core.verb:set package 'kortex-gen3_description' build argument 'ament_cmake_args' from command line to 'None'
[1.171s] Level 5:colcon.colcon_core.verb:set package 'kortex-gen3_description' build argument 'catkin_cmake_args' from command line to 'None'
[1.171s] Level 5:colcon.colcon_core.verb:set package 'kortex-gen3_description' build argument 'catkin_skip_building_tests' from command line to 'False'
[1.171s] DEBUG:colcon.colcon_core.verb:Building package 'kortex-gen3_description' with the following arguments: {'ament_cmake_args': None, 'build_base': '/home/saheed/task4_submission/task4_ws/build/kortex-gen3_description', 'catkin_cmake_args': None, 'catkin_skip_building_tests': False, 'cmake_args': None, 'cmake_clean_cache': False, 'cmake_clean_first': False, 'cmake_force_configure': False, 'cmake_target': None, 'cmake_target_skip_unavailable': False, 'install_base': '/home/saheed/task4_submission/task4_ws/install/kortex-gen3_description', 'merge_install': False, 'path': '/home/saheed/task4_submission/task4_ws/kortex-gen3_description', 'symlink_install': False, 'test_result_base': None}
[1.172s] INFO:colcon.colcon_core.executor:Executing jobs using 'parallel' executor
[1.173s] DEBUG:colcon.colcon_parallel_executor.executor.parallel:run_until_complete
[1.173s] INFO:colcon.colcon_ros.task.ament_cmake.build:Building ROS package in '/home/saheed/task4_submission/task4_ws/kortex-gen3_description' with build type 'ament_cmake'
[1.173s] INFO:colcon.colcon_cmake.task.cmake.build:Building CMake package in '/home/saheed/task4_submission/task4_ws/kortex-gen3_description'
[1.207s] INFO:colcon.colcon_core.plugin_system:Skipping extension 'colcon_core.shell.bat': Not used on non-Windows systems
[1.208s] INFO:colcon.colcon_core.shell:Skip shell extension 'powershell' for command environment: Not usable outside of PowerShell
[1.208s] DEBUG:colcon.colcon_core.shell:Skip shell extension 'dsv' for command environment
[1.279s] DEBUG:colcon.colcon_core.event_handler.log_command:Invoking command in '/home/saheed/task4_submission/task4_ws/build/kortex-gen3_description': CMAKE_PREFIX_PATH=${CMAKE_PREFIX_PATH}:/home/saheed/testing_ws/install/test_py_pkg:/home/saheed/ros2_ws/install/retial_py_pkg:/home/saheed/ros2_ws/install/my_py_pkg:/home/saheed/ros2_ws/install/my_first_robot:/opt/ros/humble /usr/bin/cmake --build /home/saheed/task4_submission/task4_ws/build/kortex-gen3_description -- -j4 -l4
[1.485s] DEBUG:colcon.colcon_core.event_handler.log_command:Invoked command in '/home/saheed/task4_submission/task4_ws/build/kortex-gen3_description' returned '0': CMAKE_PREFIX_PATH=${CMAKE_PREFIX_PATH}:/home/saheed/testing_ws/install/test_py_pkg:/home/saheed/ros2_ws/install/retial_py_pkg:/home/saheed/ros2_ws/install/my_py_pkg:/home/saheed/ros2_ws/install/my_first_robot:/opt/ros/humble /usr/bin/cmake --build /home/saheed/task4_submission/task4_ws/build/kortex-gen3_description -- -j4 -l4
[1.514s] DEBUG:colcon.colcon_core.event_handler.log_command:Invoking command in '/home/saheed/task4_submission/task4_ws/build/kortex-gen3_description': CMAKE_PREFIX_PATH=${CMAKE_PREFIX_PATH}:/home/saheed/testing_ws/install/test_py_pkg:/home/saheed/ros2_ws/install/retial_py_pkg:/home/saheed/ros2_ws/install/my_py_pkg:/home/saheed/ros2_ws/install/my_first_robot:/opt/ros/humble /usr/bin/cmake --install /home/saheed/task4_submission/task4_ws/build/kortex-gen3_description
[1.576s] Level 1:colcon.colcon_core.environment:create_environment_scripts_only(kortex-gen3_description)
[1.577s] DEBUG:colcon.colcon_core.event_handler.log_command:Invoked command in '/home/saheed/task4_submission/task4_ws/build/kortex-gen3_description' returned '0': CMAKE_PREFIX_PATH=${CMAKE_PREFIX_PATH}:/home/saheed/testing_ws/install/test_py_pkg:/home/saheed/ros2_ws/install/retial_py_pkg:/home/saheed/ros2_ws/install/my_py_pkg:/home/saheed/ros2_ws/install/my_first_robot:/opt/ros/humble /usr/bin/cmake --install /home/saheed/task4_submission/task4_ws/build/kortex-gen3_description
[1.632s] Level 1:colcon.colcon_core.environment:checking '/home/saheed/task4_submission/task4_ws/install/kortex-gen3_description' for CMake module files
[1.633s] Level 1:colcon.colcon_core.environment:checking '/home/saheed/task4_submission/task4_ws/install/kortex-gen3_description' for CMake config files
[1.649s] Level 1:colcon.colcon_core.shell:create_environment_hook('kortex-gen3_description', 'cmake_prefix_path')
[1.650s] INFO:colcon.colcon_core.shell:Creating environment hook '/home/saheed/task4_submission/task4_ws/install/kortex-gen3_description/share/kortex-gen3_description/hook/cmake_prefix_path.ps1'
[1.672s] INFO:colcon.colcon_core.shell:Creating environment descriptor '/home/saheed/task4_submission/task4_ws/install/kortex-gen3_description/share/kortex-gen3_description/hook/cmake_prefix_path.dsv'
[1.690s] INFO:colcon.colcon_core.shell:Creating environment hook '/home/saheed/task4_submission/task4_ws/install/kortex-gen3_description/share/kortex-gen3_description/hook/cmake_prefix_path.sh'
[1.694s] Level 1:colcon.colcon_core.environment:checking '/home/saheed/task4_submission/task4_ws/install/kortex-gen3_description/bin'
[1.694s] Level 1:colcon.colcon_core.environment:checking '/home/saheed/task4_submission/task4_ws/install/kortex-gen3_description/lib/pkgconfig/kortex-gen3_description.pc'
[1.696s] Level 1:colcon.colcon_core.environment:checking '/home/saheed/task4_submission/task4_ws/install/kortex-gen3_description/lib/python3.10/site-packages'
[1.697s] Level 1:colcon.colcon_core.environment:checking '/home/saheed/task4_submission/task4_ws/install/kortex-gen3_description/bin'
[1.698s] INFO:colcon.colcon_core.shell:Creating package script '/home/saheed/task4_submission/task4_ws/install/kortex-gen3_description/share/kortex-gen3_description/package.ps1'
[1.702s] INFO:colcon.colcon_core.shell:Creating package descriptor '/home/saheed/task4_submission/task4_ws/install/kortex-gen3_description/share/kortex-gen3_description/package.dsv'
[1.705s] INFO:colcon.colcon_core.shell:Creating package script '/home/saheed/task4_submission/task4_ws/install/kortex-gen3_description/share/kortex-gen3_description/package.sh'
[1.709s] INFO:colcon.colcon_core.shell:Creating package script '/home/saheed/task4_submission/task4_ws/install/kortex-gen3_description/share/kortex-gen3_description/package.bash'
[1.737s] INFO:colcon.colcon_core.shell:Creating package script '/home/saheed/task4_submission/task4_ws/install/kortex-gen3_description/share/kortex-gen3_description/package.zsh'
[1.750s] Level 1:colcon.colcon_core.environment:create_file_with_runtime_dependencies(/home/saheed/task4_submission/task4_ws/install/kortex-gen3_description/share/colcon-core/packages/kortex-gen3_description)
[1.753s] Level 1:colcon.colcon_core.environment:create_environment_scripts_only(kortex-gen3_description)
[1.754s] Level 1:colcon.colcon_core.environment:checking '/home/saheed/task4_submission/task4_ws/install/kortex-gen3_description' for CMake module files
[1.755s] Level 1:colcon.colcon_core.environment:checking '/home/saheed/task4_submission/task4_ws/install/kortex-gen3_description' for CMake config files
[1.755s] Level 1:colcon.colcon_core.shell:create_environment_hook('kortex-gen3_description', 'cmake_prefix_path')
[1.755s] INFO:colcon.colcon_core.shell:Creating environment hook '/home/saheed/task4_submission/task4_ws/install/kortex-gen3_description/share/kortex-gen3_description/hook/cmake_prefix_path.ps1'
[1.756s] INFO:colcon.colcon_core.shell:Creating environment descriptor '/home/saheed/task4_submission/task4_ws/install/kortex-gen3_description/share/kortex-gen3_description/hook/cmake_prefix_path.dsv'
[1.756s] INFO:colcon.colcon_core.shell:Creating environment hook '/home/saheed/task4_submission/task4_ws/install/kortex-gen3_description/share/kortex-gen3_description/hook/cmake_prefix_path.sh'
[1.757s] Level 1:colcon.colcon_core.environment:checking '/home/saheed/task4_submission/task4_ws/install/kortex-gen3_description/bin'
[1.757s] Level 1:colcon.colcon_core.environment:checking '/home/saheed/task4_submission/task4_ws/install/kortex-gen3_description/lib/pkgconfig/kortex-gen3_description.pc'
[1.757s] Level 1:colcon.colcon_core.environment:checking '/home/saheed/task4_submission/task4_ws/install/kortex-gen3_description/lib/python3.10/site-packages'
[1.758s] Level 1:colcon.colcon_core.environment:checking '/home/saheed/task4_submission/task4_ws/install/kortex-gen3_description/bin'
[1.758s] INFO:colcon.colcon_core.shell:Creating package script '/home/saheed/task4_submission/task4_ws/install/kortex-gen3_description/share/kortex-gen3_description/package.ps1'
[1.758s] INFO:colcon.colcon_core.shell:Creating package descriptor '/home/saheed/task4_submission/task4_ws/install/kortex-gen3_description/share/kortex-gen3_description/package.dsv'
[1.759s] INFO:colcon.colcon_core.shell:Creating package script '/home/saheed/task4_submission/task4_ws/install/kortex-gen3_description/share/kortex-gen3_description/package.sh'
[1.759s] INFO:colcon.colcon_core.shell:Creating package script '/home/saheed/task4_submission/task4_ws/install/kortex-gen3_description/share/kortex-gen3_description/package.bash'
[1.760s] INFO:colcon.colcon_core.shell:Creating package script '/home/saheed/task4_submission/task4_ws/install/kortex-gen3_description/share/kortex-gen3_description/package.zsh'
[1.760s] Level 1:colcon.colcon_core.environment:create_file_with_runtime_dependencies(/home/saheed/task4_submission/task4_ws/install/kortex-gen3_description/share/colcon-core/packages/kortex-gen3_description)
[1.760s] DEBUG:colcon.colcon_parallel_executor.executor.parallel:closing loop
[1.761s] DEBUG:colcon.colcon_parallel_executor.executor.parallel:loop closed
[1.761s] DEBUG:colcon.colcon_parallel_executor.executor.parallel:run_until_complete finished with '0'
[1.761s] DEBUG:colcon.colcon_core.event_reactor:joining thread
[1.804s] INFO:colcon.colcon_core.plugin_system:Skipping extension 'colcon_notification.desktop_notification.terminal_notifier': Not used on non-Darwin systems
[1.804s] INFO:colcon.colcon_core.plugin_system:Skipping extension 'colcon_notification.desktop_notification.win32': Not used on non-Windows systems
[1.804s] INFO:colcon.colcon_notification.desktop_notification:Sending desktop notification using 'notify2'
[1.858s] DEBUG:colcon.colcon_core.event_reactor:joined thread
[1.859s] INFO:colcon.colcon_core.shell:Creating prefix script '/home/saheed/task4_submission/task4_ws/install/local_setup.ps1'
[1.875s] INFO:colcon.colcon_core.shell:Creating prefix util module '/home/saheed/task4_submission/task4_ws/install/_local_setup_util_ps1.py'
[1.903s] INFO:colcon.colcon_core.shell:Creating prefix chain script '/home/saheed/task4_submission/task4_ws/install/setup.ps1'
[1.907s] INFO:colcon.colcon_core.shell:Creating prefix script '/home/saheed/task4_submission/task4_ws/install/local_setup.sh'
[1.908s] INFO:colcon.colcon_core.shell:Creating prefix util module '/home/saheed/task4_submission/task4_ws/install/_local_setup_util_sh.py'
[1.909s] INFO:colcon.colcon_core.shell:Creating prefix chain script '/home/saheed/task4_submission/task4_ws/install/setup.sh'
[1.914s] INFO:colcon.colcon_core.shell:Creating prefix script '/home/saheed/task4_submission/task4_ws/install/local_setup.bash'
[1.925s] INFO:colcon.colcon_core.shell:Creating prefix chain script '/home/saheed/task4_submission/task4_ws/install/setup.bash'
[1.934s] INFO:colcon.colcon_core.shell:Creating prefix script '/home/saheed/task4_submission/task4_ws/install/local_setup.zsh'
[1.949s] INFO:colcon.colcon_core.shell:Creating prefix chain script '/home/saheed/task4_submission/task4_ws/install/setup.zsh'
