[0.020s] Invoking command in '/home/saheed/task4_submission/task4_ws/build/kortex-gen3_description': CMAKE_PREFIX_PATH=${CMAKE_PREFIX_PATH}:/home/saheed/testing_ws/install/test_py_pkg:/home/saheed/ros2_ws/install/retial_py_pkg:/home/saheed/ros2_ws/install/my_py_pkg:/home/saheed/ros2_ws/install/my_first_robot:/opt/ros/humble /usr/bin/cmake /home/saheed/task4_submission/task4_ws/kortex-gen3_description -DAMENT_CMAKE_SYMLINK_INSTALL=1 -DCMAKE_INSTALL_PREFIX=/home/saheed/task4_submission/task4_ws/install/kortex-gen3_description
[0.095s] -- The C compiler identification is GNU 11.4.0
[0.174s] -- The CXX compiler identification is GNU 11.4.0
[0.182s] -- Detecting C compiler ABI info
[0.284s] -- Detecting C compiler ABI info - done
[0.298s] -- Check for working C compiler: /usr/bin/cc - skipped
[0.298s] -- Detecting C compile features
[0.299s] -- Detecting C compile features - done
[0.305s] -- Detecting CXX compiler ABI info
[0.419s] -- Detecting CXX compiler ABI info - done
[0.431s] -- Check for working CXX compiler: /usr/bin/c++ - skipped
[0.432s] -- Detecting CXX compile features
[0.432s] -- Detecting CXX compile features - done
[0.438s] -- Found ament_cmake: 1.3.12 (/opt/ros/humble/share/ament_cmake/cmake)
[0.656s] -- Found Python3: /usr/bin/python3 (found version "3.10.12") found components: Interpreter 
[0.746s] -- Override CMake install command with custom implementation using symlinks instead of copying resources
[0.856s] -- Found ament_lint_auto: 0.12.14 (/opt/ros/humble/share/ament_lint_auto/cmake)
[0.987s] -- Added test 'lint_cmake' to check CMake code style
[0.989s] -- Added test 'xmllint' to check XML markup files
[0.992s] -- Configuring done
[0.997s] -- Generating done
[1.000s] -- Build files have been written to: /home/saheed/task4_submission/task4_ws/build/kortex-gen3_description
[1.010s] Invoked command in '/home/saheed/task4_submission/task4_ws/build/kortex-gen3_description' returned '0': CMAKE_PREFIX_PATH=${CMAKE_PREFIX_PATH}:/home/saheed/testing_ws/install/test_py_pkg:/home/saheed/ros2_ws/install/retial_py_pkg:/home/saheed/ros2_ws/install/my_py_pkg:/home/saheed/ros2_ws/install/my_first_robot:/opt/ros/humble /usr/bin/cmake /home/saheed/task4_submission/task4_ws/kortex-gen3_description -DAMENT_CMAKE_SYMLINK_INSTALL=1 -DCMAKE_INSTALL_PREFIX=/home/saheed/task4_submission/task4_ws/install/kortex-gen3_description
[1.012s] Invoking command in '/home/saheed/task4_submission/task4_ws/build/kortex-gen3_description': CMAKE_PREFIX_PATH=${CMAKE_PREFIX_PATH}:/home/saheed/testing_ws/install/test_py_pkg:/home/saheed/ros2_ws/install/retial_py_pkg:/home/saheed/ros2_ws/install/my_py_pkg:/home/saheed/ros2_ws/install/my_first_robot:/opt/ros/humble /usr/bin/cmake --build /home/saheed/task4_submission/task4_ws/build/kortex-gen3_description -- -j4 -l4
[1.066s] Invoked command in '/home/saheed/task4_submission/task4_ws/build/kortex-gen3_description' returned '0': CMAKE_PREFIX_PATH=${CMAKE_PREFIX_PATH}:/home/saheed/testing_ws/install/test_py_pkg:/home/saheed/ros2_ws/install/retial_py_pkg:/home/saheed/ros2_ws/install/my_py_pkg:/home/saheed/ros2_ws/install/my_first_robot:/opt/ros/humble /usr/bin/cmake --build /home/saheed/task4_submission/task4_ws/build/kortex-gen3_description -- -j4 -l4
[1.081s] Invoking command in '/home/saheed/task4_submission/task4_ws/build/kortex-gen3_description': CMAKE_PREFIX_PATH=${CMAKE_PREFIX_PATH}:/home/saheed/testing_ws/install/test_py_pkg:/home/saheed/ros2_ws/install/retial_py_pkg:/home/saheed/ros2_ws/install/my_py_pkg:/home/saheed/ros2_ws/install/my_first_robot:/opt/ros/humble /usr/bin/cmake --install /home/saheed/task4_submission/task4_ws/build/kortex-gen3_description
[1.094s] -- Install configuration: ""
[1.094s] -- Execute custom install script
[1.095s] -- Symlinking: /home/saheed/task4_submission/task4_ws/install/kortex-gen3_description/share/ament_index/resource_index/package_run_dependencies/kortex-gen3_description
[1.110s] -- Symlinking: /home/saheed/task4_submission/task4_ws/install/kortex-gen3_description/share/ament_index/resource_index/parent_prefix_path/kortex-gen3_description
[1.123s] -- Symlinking: /home/saheed/task4_submission/task4_ws/install/kortex-gen3_description/share/kortex-gen3_description/environment/ament_prefix_path.sh
[1.141s] -- Symlinking: /home/saheed/task4_submission/task4_ws/install/kortex-gen3_description/share/kortex-gen3_description/environment/ament_prefix_path.dsv
[1.154s] -- Symlinking: /home/saheed/task4_submission/task4_ws/install/kortex-gen3_description/share/kortex-gen3_description/environment/path.sh
[1.169s] -- Symlinking: /home/saheed/task4_submission/task4_ws/install/kortex-gen3_description/share/kortex-gen3_description/environment/path.dsv
[1.181s] -- Symlinking: /home/saheed/task4_submission/task4_ws/install/kortex-gen3_description/share/kortex-gen3_description/local_setup.bash
[1.192s] -- Symlinking: /home/saheed/task4_submission/task4_ws/install/kortex-gen3_description/share/kortex-gen3_description/local_setup.sh
[1.204s] -- Symlinking: /home/saheed/task4_submission/task4_ws/install/kortex-gen3_description/share/kortex-gen3_description/local_setup.zsh
[1.221s] -- Symlinking: /home/saheed/task4_submission/task4_ws/install/kortex-gen3_description/share/kortex-gen3_description/local_setup.dsv
[1.231s] -- Symlinking: /home/saheed/task4_submission/task4_ws/install/kortex-gen3_description/share/kortex-gen3_description/package.dsv
[1.245s] -- Symlinking: /home/saheed/task4_submission/task4_ws/install/kortex-gen3_description/share/ament_index/resource_index/packages/kortex-gen3_description
[1.260s] -- Symlinking: /home/saheed/task4_submission/task4_ws/install/kortex-gen3_description/share/kortex-gen3_description/cmake/kortex-gen3_descriptionConfig.cmake
[1.270s] -- Symlinking: /home/saheed/task4_submission/task4_ws/install/kortex-gen3_description/share/kortex-gen3_description/cmake/kortex-gen3_descriptionConfig-version.cmake
[1.281s] -- Symlinking: /home/saheed/task4_submission/task4_ws/install/kortex-gen3_description/share/kortex-gen3_description/package.xml
[1.298s] Invoked command in '/home/saheed/task4_submission/task4_ws/build/kortex-gen3_description' returned '0': CMAKE_PREFIX_PATH=${CMAKE_PREFIX_PATH}:/home/saheed/testing_ws/install/test_py_pkg:/home/saheed/ros2_ws/install/retial_py_pkg:/home/saheed/ros2_ws/install/my_py_pkg:/home/saheed/ros2_ws/install/my_first_robot:/opt/ros/humble /usr/bin/cmake --install /home/saheed/task4_submission/task4_ws/build/kortex-gen3_description
