[0.347s] DEBUG:colcon:Command line arguments: ['/usr/bin/colcon', 'build']
[0.348s] DEBUG:colcon:Parsed command line arguments: Namespace(log_base=None, log_level=None, verb_name='build', build_base='build', install_base='install', merge_install=False, symlink_install=False, test_result_base=None, continue_on_error=False, executor='parallel', parallel_workers=4, event_handlers=None, ignore_user_meta=False, metas=['./colcon.meta'], base_paths=['.'], packages_ignore=None, packages_ignore_regex=None, paths=None, packages_up_to=None, packages_up_to_regex=None, packages_above=None, packages_above_and_dependencies=None, packages_above_depth=None, packages_select_by_dep=None, packages_skip_by_dep=None, packages_skip_up_to=None, packages_select_build_failed=False, packages_skip_build_finished=False, packages_select_test_failures=False, packages_skip_test_passed=False, packages_select=None, packages_skip=None, packages_select_regex=None, packages_skip_regex=None, packages_start=None, packages_end=None, allow_overriding=[], cmake_args=None, cmake_target=None, cmake_target_skip_unavailable=False, cmake_clean_cache=False, cmake_clean_first=False, cmake_force_configure=False, ament_cmake_args=None, catkin_cmake_args=None, catkin_skip_building_tests=False, mixin_files=None, mixin=None, verb_parser=<colcon_mixin.mixin.mixin_argument.MixinArgumentDecorator object at 0x731149f4f6d0>, verb_extension=<colcon_core.verb.build.BuildVerb object at 0x73114a0985b0>, main=<bound method BuildVerb.main of <colcon_core.verb.build.BuildVerb object at 0x73114a0985b0>>, mixin_verb=('build',))
[0.636s] Level 1:colcon.colcon_core.package_discovery:discover_packages(colcon_meta) check parameters
[0.637s] Level 1:colcon.colcon_core.package_discovery:discover_packages(recursive) check parameters
[0.637s] Level 1:colcon.colcon_core.package_discovery:discover_packages(ignore) check parameters
[0.637s] Level 1:colcon.colcon_core.package_discovery:discover_packages(path) check parameters
[0.637s] Level 1:colcon.colcon_core.package_discovery:discover_packages(colcon_meta) discover
[0.638s] Level 1:colcon.colcon_core.package_discovery:discover_packages(recursive) discover
[0.638s] INFO:colcon.colcon_core.package_discovery:Crawling recursively for packages in '/home/saheed/task4_submission/task4_ws'
[0.638s] Level 1:colcon.colcon_core.package_identification:_identify(.) by extensions ['ignore', 'ignore_ament_install']
[0.639s] Level 1:colcon.colcon_core.package_identification:_identify(.) by extension 'ignore'
[0.639s] Level 1:colcon.colcon_core.package_identification:_identify(.) by extension 'ignore_ament_install'
[0.640s] Level 1:colcon.colcon_core.package_identification:_identify(.) by extensions ['colcon_pkg']
[0.640s] Level 1:colcon.colcon_core.package_identification:_identify(.) by extension 'colcon_pkg'
[0.641s] Level 1:colcon.colcon_core.package_identification:_identify(.) by extensions ['colcon_meta']
[0.641s] Level 1:colcon.colcon_core.package_identification:_identify(.) by extension 'colcon_meta'
[0.641s] Level 1:colcon.colcon_core.package_identification:_identify(.) by extensions ['ros']
[0.641s] Level 1:colcon.colcon_core.package_identification:_identify(.) by extension 'ros'
[0.809s] Level 1:colcon.colcon_core.package_identification:_identify(.) by extensions ['cmake', 'python']
[0.810s] Level 1:colcon.colcon_core.package_identification:_identify(.) by extension 'cmake'
[0.810s] Level 1:colcon.colcon_core.package_identification:_identify(.) by extension 'python'
[0.810s] Level 1:colcon.colcon_core.package_identification:_identify(.) by extensions ['python_setup_py']
[0.810s] Level 1:colcon.colcon_core.package_identification:_identify(.) by extension 'python_setup_py'
[0.810s] Level 1:colcon.colcon_core.package_identification:_identify(build) by extensions ['ignore', 'ignore_ament_install']
[0.810s] Level 1:colcon.colcon_core.package_identification:_identify(build) by extension 'ignore'
[0.810s] Level 1:colcon.colcon_core.package_identification:_identify(build) ignored
[0.811s] Level 1:colcon.colcon_core.package_identification:_identify(install) by extensions ['ignore', 'ignore_ament_install']
[0.811s] Level 1:colcon.colcon_core.package_identification:_identify(install) by extension 'ignore'
[0.811s] Level 1:colcon.colcon_core.package_identification:_identify(install) ignored
[0.811s] Level 1:colcon.colcon_core.package_identification:_identify(kortex-gen3_description) by extensions ['ignore', 'ignore_ament_install']
[0.811s] Level 1:colcon.colcon_core.package_identification:_identify(kortex-gen3_description) by extension 'ignore'
[0.811s] Level 1:colcon.colcon_core.package_identification:_identify(kortex-gen3_description) by extension 'ignore_ament_install'
[0.811s] Level 1:colcon.colcon_core.package_identification:_identify(kortex-gen3_description) by extensions ['colcon_pkg']
[0.811s] Level 1:colcon.colcon_core.package_identification:_identify(kortex-gen3_description) by extension 'colcon_pkg'
[0.811s] Level 1:colcon.colcon_core.package_identification:_identify(kortex-gen3_description) by extensions ['colcon_meta']
[0.811s] Level 1:colcon.colcon_core.package_identification:_identify(kortex-gen3_description) by extension 'colcon_meta'
[0.812s] Level 1:colcon.colcon_core.package_identification:_identify(kortex-gen3_description) by extensions ['ros']
[0.812s] Level 1:colcon.colcon_core.package_identification:_identify(kortex-gen3_description) by extension 'ros'
[0.828s] DEBUG:colcon.colcon_core.package_identification:Package 'kortex-gen3_description' with type 'ros.ament_cmake' and name 'kortex-gen3_description'
[0.828s] Level 1:colcon.colcon_core.package_identification:_identify(log) by extensions ['ignore', 'ignore_ament_install']
[0.828s] Level 1:colcon.colcon_core.package_identification:_identify(log) by extension 'ignore'
[0.829s] Level 1:colcon.colcon_core.package_identification:_identify(log) ignored
[0.829s] Level 1:colcon.colcon_core.package_discovery:discover_packages(recursive) using defaults
[0.829s] Level 1:colcon.colcon_core.package_discovery:discover_packages(ignore) discover
[0.829s] Level 1:colcon.colcon_core.package_discovery:discover_packages(ignore) using defaults
[0.829s] Level 1:colcon.colcon_core.package_discovery:discover_packages(path) discover
[0.829s] Level 1:colcon.colcon_core.package_discovery:discover_packages(path) using defaults
[0.868s] Level 1:colcon.colcon_core.package_discovery:discover_packages(prefix_path) check parameters
[0.869s] Level 1:colcon.colcon_core.package_discovery:discover_packages(prefix_path) discover
[0.907s] WARNING:colcon.colcon_ros.prefix_path.ament:The path '/home/saheed/task4_submission/task4_ws/install/kortex-gen3_description' in the environment variable AMENT_PREFIX_PATH doesn't exist
[1.090s] WARNING:colcon.colcon_ros.prefix_path.catkin:The path '/home/saheed/task4_submission/task4_ws/install/kortex-gen3_description' in the environment variable CMAKE_PREFIX_PATH doesn't exist
[1.126s] DEBUG:colcon.colcon_installed_package_information.package_discovery:Found 0 installed packages in /home/saheed/task4_submission/task4_ws/install
[1.127s] DEBUG:colcon.colcon_installed_package_information.package_discovery:Found 1 installed packages in /home/saheed/testing_ws/install
[1.128s] DEBUG:colcon.colcon_installed_package_information.package_discovery:Found 4 installed packages in /home/saheed/ros2_ws/install
[1.129s] DEBUG:colcon.colcon_installed_package_information.package_discovery:Found 17 installed packages in /home/saheed/ros2_class1_ws/install
[1.131s] DEBUG:colcon.colcon_installed_package_information.package_discovery:Found 339 installed packages in /opt/ros/humble
[1.134s] Level 1:colcon.colcon_core.package_discovery:discover_packages(prefix_path) using defaults
[1.630s] Level 5:colcon.colcon_core.verb:set package 'kortex-gen3_description' build argument 'cmake_args' from command line to 'None'
[1.630s] Level 5:colcon.colcon_core.verb:set package 'kortex-gen3_description' build argument 'cmake_target' from command line to 'None'
[1.630s] Level 5:colcon.colcon_core.verb:set package 'kortex-gen3_description' build argument 'cmake_target_skip_unavailable' from command line to 'False'
[1.630s] Level 5:colcon.colcon_core.verb:set package 'kortex-gen3_description' build argument 'cmake_clean_cache' from command line to 'False'
[1.630s] Level 5:colcon.colcon_core.verb:set package 'kortex-gen3_description' build argument 'cmake_clean_first' from command line to 'False'
[1.630s] Level 5:colcon.colcon_core.verb:set package 'kortex-gen3_description' build argument 'cmake_force_configure' from command line to 'False'
[1.630s] Level 5:colcon.colcon_core.verb:set package 'kortex-gen3_description' build argument 'ament_cmake_args' from command line to 'None'
[1.630s] Level 5:colcon.colcon_core.verb:set package 'kortex-gen3_description' build argument 'catkin_cmake_args' from command line to 'None'
[1.630s] Level 5:colcon.colcon_core.verb:set package 'kortex-gen3_description' build argument 'catkin_skip_building_tests' from command line to 'False'
[1.630s] DEBUG:colcon.colcon_core.verb:Building package 'kortex-gen3_description' with the following arguments: {'ament_cmake_args': None, 'build_base': '/home/saheed/task4_submission/task4_ws/build/kortex-gen3_description', 'catkin_cmake_args': None, 'catkin_skip_building_tests': False, 'cmake_args': None, 'cmake_clean_cache': False, 'cmake_clean_first': False, 'cmake_force_configure': False, 'cmake_target': None, 'cmake_target_skip_unavailable': False, 'install_base': '/home/saheed/task4_submission/task4_ws/install/kortex-gen3_description', 'merge_install': False, 'path': '/home/saheed/task4_submission/task4_ws/kortex-gen3_description', 'symlink_install': False, 'test_result_base': None}
[1.631s] INFO:colcon.colcon_core.executor:Executing jobs using 'parallel' executor
[1.632s] DEBUG:colcon.colcon_parallel_executor.executor.parallel:run_until_complete
[1.632s] INFO:colcon.colcon_ros.task.ament_cmake.build:Building ROS package in '/home/saheed/task4_submission/task4_ws/kortex-gen3_description' with build type 'ament_cmake'
[1.632s] INFO:colcon.colcon_cmake.task.cmake.build:Building CMake package in '/home/saheed/task4_submission/task4_ws/kortex-gen3_description'
[1.661s] INFO:colcon.colcon_core.plugin_system:Skipping extension 'colcon_core.shell.bat': Not used on non-Windows systems
[1.662s] INFO:colcon.colcon_core.shell:Skip shell extension 'powershell' for command environment: Not usable outside of PowerShell
[1.662s] DEBUG:colcon.colcon_core.shell:Skip shell extension 'dsv' for command environment
[1.684s] DEBUG:colcon.colcon_core.event_handler.log_command:Invoking command in '/home/saheed/task4_submission/task4_ws/build/kortex-gen3_description': CMAKE_PREFIX_PATH=${CMAKE_PREFIX_PATH}:/home/saheed/testing_ws/install/test_py_pkg:/home/saheed/ros2_ws/install/retial_py_pkg:/home/saheed/ros2_ws/install/my_py_pkg:/home/saheed/ros2_ws/install/my_first_robot:/opt/ros/humble /usr/bin/cmake /home/saheed/task4_submission/task4_ws/kortex-gen3_description -DCMAKE_INSTALL_PREFIX=/home/saheed/task4_submission/task4_ws/install/kortex-gen3_description
[5.184s] DEBUG:colcon.colcon_core.event_handler.log_command:Invoked command in '/home/saheed/task4_submission/task4_ws/build/kortex-gen3_description' returned '0': CMAKE_PREFIX_PATH=${CMAKE_PREFIX_PATH}:/home/saheed/testing_ws/install/test_py_pkg:/home/saheed/ros2_ws/install/retial_py_pkg:/home/saheed/ros2_ws/install/my_py_pkg:/home/saheed/ros2_ws/install/my_first_robot:/opt/ros/humble /usr/bin/cmake /home/saheed/task4_submission/task4_ws/kortex-gen3_description -DCMAKE_INSTALL_PREFIX=/home/saheed/task4_submission/task4_ws/install/kortex-gen3_description
[5.186s] DEBUG:colcon.colcon_core.event_handler.log_command:Invoking command in '/home/saheed/task4_submission/task4_ws/build/kortex-gen3_description': CMAKE_PREFIX_PATH=${CMAKE_PREFIX_PATH}:/home/saheed/testing_ws/install/test_py_pkg:/home/saheed/ros2_ws/install/retial_py_pkg:/home/saheed/ros2_ws/install/my_py_pkg:/home/saheed/ros2_ws/install/my_first_robot:/opt/ros/humble /usr/bin/cmake --build /home/saheed/task4_submission/task4_ws/build/kortex-gen3_description -- -j4 -l4
[5.230s] DEBUG:colcon.colcon_core.event_handler.log_command:Invoked command in '/home/saheed/task4_submission/task4_ws/build/kortex-gen3_description' returned '0': CMAKE_PREFIX_PATH=${CMAKE_PREFIX_PATH}:/home/saheed/testing_ws/install/test_py_pkg:/home/saheed/ros2_ws/install/retial_py_pkg:/home/saheed/ros2_ws/install/my_py_pkg:/home/saheed/ros2_ws/install/my_first_robot:/opt/ros/humble /usr/bin/cmake --build /home/saheed/task4_submission/task4_ws/build/kortex-gen3_description -- -j4 -l4
[5.241s] DEBUG:colcon.colcon_core.event_handler.log_command:Invoking command in '/home/saheed/task4_submission/task4_ws/build/kortex-gen3_description': CMAKE_PREFIX_PATH=${CMAKE_PREFIX_PATH}:/home/saheed/testing_ws/install/test_py_pkg:/home/saheed/ros2_ws/install/retial_py_pkg:/home/saheed/ros2_ws/install/my_py_pkg:/home/saheed/ros2_ws/install/my_first_robot:/opt/ros/humble /usr/bin/cmake --install /home/saheed/task4_submission/task4_ws/build/kortex-gen3_description
[5.260s] Level 1:colcon.colcon_core.environment:create_environment_scripts_only(kortex-gen3_description)
[5.260s] DEBUG:colcon.colcon_core.event_handler.log_command:Invoked command in '/home/saheed/task4_submission/task4_ws/build/kortex-gen3_description' returned '0': CMAKE_PREFIX_PATH=${CMAKE_PREFIX_PATH}:/home/saheed/testing_ws/install/test_py_pkg:/home/saheed/ros2_ws/install/retial_py_pkg:/home/saheed/ros2_ws/install/my_py_pkg:/home/saheed/ros2_ws/install/my_first_robot:/opt/ros/humble /usr/bin/cmake --install /home/saheed/task4_submission/task4_ws/build/kortex-gen3_description
[5.322s] Level 1:colcon.colcon_core.environment:checking '/home/saheed/task4_submission/task4_ws/install/kortex-gen3_description' for CMake module files
[5.325s] Level 1:colcon.colcon_core.environment:checking '/home/saheed/task4_submission/task4_ws/install/kortex-gen3_description' for CMake config files
[5.325s] Level 1:colcon.colcon_core.shell:create_environment_hook('kortex-gen3_description', 'cmake_prefix_path')
[5.326s] INFO:colcon.colcon_core.shell:Creating environment hook '/home/saheed/task4_submission/task4_ws/install/kortex-gen3_description/share/kortex-gen3_description/hook/cmake_prefix_path.ps1'
[5.343s] INFO:colcon.colcon_core.shell:Creating environment descriptor '/home/saheed/task4_submission/task4_ws/install/kortex-gen3_description/share/kortex-gen3_description/hook/cmake_prefix_path.dsv'
[5.357s] INFO:colcon.colcon_core.shell:Creating environment hook '/home/saheed/task4_submission/task4_ws/install/kortex-gen3_description/share/kortex-gen3_description/hook/cmake_prefix_path.sh'
[5.391s] Level 1:colcon.colcon_core.environment:checking '/home/saheed/task4_submission/task4_ws/install/kortex-gen3_description/bin'
[5.392s] Level 1:colcon.colcon_core.environment:checking '/home/saheed/task4_submission/task4_ws/install/kortex-gen3_description/lib/pkgconfig/kortex-gen3_description.pc'
[5.392s] Level 1:colcon.colcon_core.environment:checking '/home/saheed/task4_submission/task4_ws/install/kortex-gen3_description/lib/python3.10/site-packages'
[5.394s] Level 1:colcon.colcon_core.environment:checking '/home/saheed/task4_submission/task4_ws/install/kortex-gen3_description/bin'
[5.395s] INFO:colcon.colcon_core.shell:Creating package script '/home/saheed/task4_submission/task4_ws/install/kortex-gen3_description/share/kortex-gen3_description/package.ps1'
[5.399s] INFO:colcon.colcon_core.shell:Creating package descriptor '/home/saheed/task4_submission/task4_ws/install/kortex-gen3_description/share/kortex-gen3_description/package.dsv'
[5.401s] INFO:colcon.colcon_core.shell:Creating package script '/home/saheed/task4_submission/task4_ws/install/kortex-gen3_description/share/kortex-gen3_description/package.sh'
[5.405s] INFO:colcon.colcon_core.shell:Creating package script '/home/saheed/task4_submission/task4_ws/install/kortex-gen3_description/share/kortex-gen3_description/package.bash'
[5.437s] INFO:colcon.colcon_core.shell:Creating package script '/home/saheed/task4_submission/task4_ws/install/kortex-gen3_description/share/kortex-gen3_description/package.zsh'
[5.450s] Level 1:colcon.colcon_core.environment:create_file_with_runtime_dependencies(/home/saheed/task4_submission/task4_ws/install/kortex-gen3_description/share/colcon-core/packages/kortex-gen3_description)
[5.453s] Level 1:colcon.colcon_core.environment:create_environment_scripts_only(kortex-gen3_description)
[5.454s] Level 1:colcon.colcon_core.environment:checking '/home/saheed/task4_submission/task4_ws/install/kortex-gen3_description' for CMake module files
[5.455s] Level 1:colcon.colcon_core.environment:checking '/home/saheed/task4_submission/task4_ws/install/kortex-gen3_description' for CMake config files
[5.456s] Level 1:colcon.colcon_core.shell:create_environment_hook('kortex-gen3_description', 'cmake_prefix_path')
[5.457s] INFO:colcon.colcon_core.shell:Creating environment hook '/home/saheed/task4_submission/task4_ws/install/kortex-gen3_description/share/kortex-gen3_description/hook/cmake_prefix_path.ps1'
[5.459s] INFO:colcon.colcon_core.shell:Creating environment descriptor '/home/saheed/task4_submission/task4_ws/install/kortex-gen3_description/share/kortex-gen3_description/hook/cmake_prefix_path.dsv'
[5.460s] INFO:colcon.colcon_core.shell:Creating environment hook '/home/saheed/task4_submission/task4_ws/install/kortex-gen3_description/share/kortex-gen3_description/hook/cmake_prefix_path.sh'
[5.463s] Level 1:colcon.colcon_core.environment:checking '/home/saheed/task4_submission/task4_ws/install/kortex-gen3_description/bin'
[5.463s] Level 1:colcon.colcon_core.environment:checking '/home/saheed/task4_submission/task4_ws/install/kortex-gen3_description/lib/pkgconfig/kortex-gen3_description.pc'
[5.464s] Level 1:colcon.colcon_core.environment:checking '/home/saheed/task4_submission/task4_ws/install/kortex-gen3_description/lib/python3.10/site-packages'
[5.466s] Level 1:colcon.colcon_core.environment:checking '/home/saheed/task4_submission/task4_ws/install/kortex-gen3_description/bin'
[5.467s] INFO:colcon.colcon_core.shell:Creating package script '/home/saheed/task4_submission/task4_ws/install/kortex-gen3_description/share/kortex-gen3_description/package.ps1'
[5.469s] INFO:colcon.colcon_core.shell:Creating package descriptor '/home/saheed/task4_submission/task4_ws/install/kortex-gen3_description/share/kortex-gen3_description/package.dsv'
[5.471s] INFO:colcon.colcon_core.shell:Creating package script '/home/saheed/task4_submission/task4_ws/install/kortex-gen3_description/share/kortex-gen3_description/package.sh'
[5.473s] INFO:colcon.colcon_core.shell:Creating package script '/home/saheed/task4_submission/task4_ws/install/kortex-gen3_description/share/kortex-gen3_description/package.bash'
[5.474s] INFO:colcon.colcon_core.shell:Creating package script '/home/saheed/task4_submission/task4_ws/install/kortex-gen3_description/share/kortex-gen3_description/package.zsh'
[5.476s] Level 1:colcon.colcon_core.environment:create_file_with_runtime_dependencies(/home/saheed/task4_submission/task4_ws/install/kortex-gen3_description/share/colcon-core/packages/kortex-gen3_description)
[5.477s] DEBUG:colcon.colcon_parallel_executor.executor.parallel:closing loop
[5.478s] DEBUG:colcon.colcon_parallel_executor.executor.parallel:loop closed
[5.478s] DEBUG:colcon.colcon_parallel_executor.executor.parallel:run_until_complete finished with '0'
[5.478s] DEBUG:colcon.colcon_core.event_reactor:joining thread
[5.540s] INFO:colcon.colcon_core.plugin_system:Skipping extension 'colcon_notification.desktop_notification.terminal_notifier': Not used on non-Darwin systems
[5.540s] INFO:colcon.colcon_core.plugin_system:Skipping extension 'colcon_notification.desktop_notification.win32': Not used on non-Windows systems
[5.540s] INFO:colcon.colcon_notification.desktop_notification:Sending desktop notification using 'notify2'
[5.560s] DEBUG:colcon.colcon_core.event_reactor:joined thread
[5.561s] INFO:colcon.colcon_core.shell:Creating prefix script '/home/saheed/task4_submission/task4_ws/install/local_setup.ps1'
[5.575s] INFO:colcon.colcon_core.shell:Creating prefix util module '/home/saheed/task4_submission/task4_ws/install/_local_setup_util_ps1.py'
[5.602s] INFO:colcon.colcon_core.shell:Creating prefix chain script '/home/saheed/task4_submission/task4_ws/install/setup.ps1'
[5.608s] INFO:colcon.colcon_core.shell:Creating prefix script '/home/saheed/task4_submission/task4_ws/install/local_setup.sh'
[5.610s] INFO:colcon.colcon_core.shell:Creating prefix util module '/home/saheed/task4_submission/task4_ws/install/_local_setup_util_sh.py'
[5.611s] INFO:colcon.colcon_core.shell:Creating prefix chain script '/home/saheed/task4_submission/task4_ws/install/setup.sh'
[5.615s] INFO:colcon.colcon_core.shell:Creating prefix script '/home/saheed/task4_submission/task4_ws/install/local_setup.bash'
[5.623s] INFO:colcon.colcon_core.shell:Creating prefix chain script '/home/saheed/task4_submission/task4_ws/install/setup.bash'
[5.628s] INFO:colcon.colcon_core.shell:Creating prefix script '/home/saheed/task4_submission/task4_ws/install/local_setup.zsh'
[5.637s] INFO:colcon.colcon_core.shell:Creating prefix chain script '/home/saheed/task4_submission/task4_ws/install/setup.zsh'
