-- Found ament_cmake: 1.3.12 (/opt/ros/humble/share/ament_cmake/cmake)
-- Override CMake install command with custom implementation using symlinks instead of copying resources
-- Found ament_lint_auto: 0.12.14 (/opt/ros/humble/share/ament_lint_auto/cmake)
-- Added test 'lint_cmake' to check CMake code style
-- Added test 'xmllint' to check XML markup files
-- Configuring done
-- Generating done
-- Build files have been written to: /home/saheed/task4_submission/task4_ws/build/kortex-gen3_description
-- Install configuration: ""
-- Execute custom install script
-- Symlinking: /home/saheed/task4_submission/task4_ws/install/kortex-gen3_description/share/kortex-gen3_description//meshes/arm_link.STL
-- Symlinking: /home/saheed/task4_submission/task4_ws/install/kortex-gen3_description/share/kortex-gen3_description//meshes/base_link.STL
-- Symlinking: /home/saheed/task4_submission/task4_ws/install/kortex-gen3_description/share/kortex-gen3_description//meshes/forearm_link.STL
-- Symlinking: /home/saheed/task4_submission/task4_ws/install/kortex-gen3_description/share/kortex-gen3_description//meshes/lower_wrist_link.STL
-- Symlinking: /home/saheed/task4_submission/task4_ws/install/kortex-gen3_description/share/kortex-gen3_description//meshes/shoulder_link.STL
-- Symlinking: /home/saheed/task4_submission/task4_ws/install/kortex-gen3_description/share/kortex-gen3_description//meshes/upper_wrist_link.STL
-- Symlinking: /home/saheed/task4_submission/task4_ws/install/kortex-gen3_description/share/kortex-gen3_description//urdf/arm.urdf
-- Up-to-date symlink: /home/saheed/task4_submission/task4_ws/install/kortex-gen3_description/share/ament_index/resource_index/package_run_dependencies/kortex-gen3_description
-- Up-to-date symlink: /home/saheed/task4_submission/task4_ws/install/kortex-gen3_description/share/ament_index/resource_index/parent_prefix_path/kortex-gen3_description
-- Up-to-date symlink: /home/saheed/task4_submission/task4_ws/install/kortex-gen3_description/share/kortex-gen3_description/environment/ament_prefix_path.sh
-- Up-to-date symlink: /home/saheed/task4_submission/task4_ws/install/kortex-gen3_description/share/kortex-gen3_description/environment/ament_prefix_path.dsv
-- Up-to-date symlink: /home/saheed/task4_submission/task4_ws/install/kortex-gen3_description/share/kortex-gen3_description/environment/path.sh
-- Up-to-date symlink: /home/saheed/task4_submission/task4_ws/install/kortex-gen3_description/share/kortex-gen3_description/environment/path.dsv
-- Up-to-date symlink: /home/saheed/task4_submission/task4_ws/install/kortex-gen3_description/share/kortex-gen3_description/local_setup.bash
-- Up-to-date symlink: /home/saheed/task4_submission/task4_ws/install/kortex-gen3_description/share/kortex-gen3_description/local_setup.sh
-- Up-to-date symlink: /home/saheed/task4_submission/task4_ws/install/kortex-gen3_description/share/kortex-gen3_description/local_setup.zsh
-- Up-to-date symlink: /home/saheed/task4_submission/task4_ws/install/kortex-gen3_description/share/kortex-gen3_description/local_setup.dsv
-- Symlinking: /home/saheed/task4_submission/task4_ws/install/kortex-gen3_description/share/kortex-gen3_description/package.dsv
-- Up-to-date symlink: /home/saheed/task4_submission/task4_ws/install/kortex-gen3_description/share/ament_index/resource_index/packages/kortex-gen3_description
-- Up-to-date symlink: /home/saheed/task4_submission/task4_ws/install/kortex-gen3_description/share/kortex-gen3_description/cmake/kortex-gen3_descriptionConfig.cmake
-- Up-to-date symlink: /home/saheed/task4_submission/task4_ws/install/kortex-gen3_description/share/kortex-gen3_description/cmake/kortex-gen3_descriptionConfig-version.cmake
-- Up-to-date symlink: /home/saheed/task4_submission/task4_ws/install/kortex-gen3_description/share/kortex-gen3_description/package.xml
