[0.019s] Invoking command in '/home/saheed/task4_submission/task4_ws/build/kortex-gen3_description': CMAKE_PREFIX_PATH=${CMAKE_PREFIX_PATH}:/home/saheed/testing_ws/install/test_py_pkg:/home/saheed/ros2_ws/install/retial_py_pkg:/home/saheed/ros2_ws/install/my_py_pkg:/home/saheed/ros2_ws/install/my_first_robot:/opt/ros/humble /usr/bin/cmake --build /home/saheed/task4_submission/task4_ws/build/kortex-gen3_description -- -j4 -l4
[0.057s] -- Found ament_cmake: 1.3.12 (/opt/ros/humble/share/ament_cmake/cmake)
[0.232s] -- Override CMake install command with custom implementation using symlinks instead of copying resources
[0.244s] -- Found ament_lint_auto: 0.12.14 (/opt/ros/humble/share/ament_lint_auto/cmake)
[0.346s] -- Added test 'lint_cmake' to check CMake code style
[0.348s] -- Added test 'xmllint' to check XML markup files
[0.350s] -- Configuring done
[0.354s] -- Generating done
[0.357s] -- Build files have been written to: /home/saheed/task4_submission/task4_ws/build/kortex-gen3_description
[0.390s] Invoked command in '/home/saheed/task4_submission/task4_ws/build/kortex-gen3_description' returned '0': CMAKE_PREFIX_PATH=${CMAKE_PREFIX_PATH}:/home/saheed/testing_ws/install/test_py_pkg:/home/saheed/ros2_ws/install/retial_py_pkg:/home/saheed/ros2_ws/install/my_py_pkg:/home/saheed/ros2_ws/install/my_first_robot:/opt/ros/humble /usr/bin/cmake --build /home/saheed/task4_submission/task4_ws/build/kortex-gen3_description -- -j4 -l4
[0.402s] Invoking command in '/home/saheed/task4_submission/task4_ws/build/kortex-gen3_description': CMAKE_PREFIX_PATH=${CMAKE_PREFIX_PATH}:/home/saheed/testing_ws/install/test_py_pkg:/home/saheed/ros2_ws/install/retial_py_pkg:/home/saheed/ros2_ws/install/my_py_pkg:/home/saheed/ros2_ws/install/my_first_robot:/opt/ros/humble /usr/bin/cmake --install /home/saheed/task4_submission/task4_ws/build/kortex-gen3_description
[0.414s] -- Install configuration: ""
[0.415s] -- Execute custom install script
[0.416s] -- Symlinking: /home/saheed/task4_submission/task4_ws/install/kortex-gen3_description/share/kortex-gen3_description//meshes/arm_link.STL
[0.430s] -- Symlinking: /home/saheed/task4_submission/task4_ws/install/kortex-gen3_description/share/kortex-gen3_description//meshes/base_link.STL
[0.442s] -- Symlinking: /home/saheed/task4_submission/task4_ws/install/kortex-gen3_description/share/kortex-gen3_description//meshes/forearm_link.STL
[0.452s] -- Symlinking: /home/saheed/task4_submission/task4_ws/install/kortex-gen3_description/share/kortex-gen3_description//meshes/lower_wrist_link.STL
[0.468s] -- Symlinking: /home/saheed/task4_submission/task4_ws/install/kortex-gen3_description/share/kortex-gen3_description//meshes/shoulder_link.STL
[0.479s] -- Symlinking: /home/saheed/task4_submission/task4_ws/install/kortex-gen3_description/share/kortex-gen3_description//meshes/upper_wrist_link.STL
[0.489s] -- Symlinking: /home/saheed/task4_submission/task4_ws/install/kortex-gen3_description/share/kortex-gen3_description//urdf/arm.urdf
[0.500s] -- Up-to-date symlink: /home/saheed/task4_submission/task4_ws/install/kortex-gen3_description/share/ament_index/resource_index/package_run_dependencies/kortex-gen3_description
[0.500s] -- Up-to-date symlink: /home/saheed/task4_submission/task4_ws/install/kortex-gen3_description/share/ament_index/resource_index/parent_prefix_path/kortex-gen3_description
[0.500s] -- Up-to-date symlink: /home/saheed/task4_submission/task4_ws/install/kortex-gen3_description/share/kortex-gen3_description/environment/ament_prefix_path.sh
[0.500s] -- Up-to-date symlink: /home/saheed/task4_submission/task4_ws/install/kortex-gen3_description/share/kortex-gen3_description/environment/ament_prefix_path.dsv
[0.501s] -- Up-to-date symlink: /home/saheed/task4_submission/task4_ws/install/kortex-gen3_description/share/kortex-gen3_description/environment/path.sh
[0.501s] -- Up-to-date symlink: /home/saheed/task4_submission/task4_ws/install/kortex-gen3_description/share/kortex-gen3_description/environment/path.dsv
[0.502s] -- Up-to-date symlink: /home/saheed/task4_submission/task4_ws/install/kortex-gen3_description/share/kortex-gen3_description/local_setup.bash
[0.502s] -- Up-to-date symlink: /home/saheed/task4_submission/task4_ws/install/kortex-gen3_description/share/kortex-gen3_description/local_setup.sh
[0.502s] -- Up-to-date symlink: /home/saheed/task4_submission/task4_ws/install/kortex-gen3_description/share/kortex-gen3_description/local_setup.zsh
[0.503s] -- Up-to-date symlink: /home/saheed/task4_submission/task4_ws/install/kortex-gen3_description/share/kortex-gen3_description/local_setup.dsv
[0.503s] -- Symlinking: /home/saheed/task4_submission/task4_ws/install/kortex-gen3_description/share/kortex-gen3_description/package.dsv
[0.519s] -- Up-to-date symlink: /home/saheed/task4_submission/task4_ws/install/kortex-gen3_description/share/ament_index/resource_index/packages/kortex-gen3_description
[0.520s] -- Up-to-date symlink: /home/saheed/task4_submission/task4_ws/install/kortex-gen3_description/share/kortex-gen3_description/cmake/kortex-gen3_descriptionConfig.cmake
[0.520s] -- Up-to-date symlink: /home/saheed/task4_submission/task4_ws/install/kortex-gen3_description/share/kortex-gen3_description/cmake/kortex-gen3_descriptionConfig-version.cmake
[0.520s] -- Up-to-date symlink: /home/saheed/task4_submission/task4_ws/install/kortex-gen3_description/share/kortex-gen3_description/package.xml
[0.522s] Invoked command in '/home/saheed/task4_submission/task4_ws/build/kortex-gen3_description' returned '0': CMAKE_PREFIX_PATH=${CMAKE_PREFIX_PATH}:/home/saheed/testing_ws/install/test_py_pkg:/home/saheed/ros2_ws/install/retial_py_pkg:/home/saheed/ros2_ws/install/my_py_pkg:/home/saheed/ros2_ws/install/my_first_robot:/opt/ros/humble /usr/bin/cmake --install /home/saheed/task4_submission/task4_ws/build/kortex-gen3_description
