[0.145s] DEBUG:colcon:Command line arguments: ['/usr/bin/colcon', 'build', '--symlink-install']
[0.145s] DEBUG:colcon:Parsed command line arguments: Namespace(log_base=None, log_level=None, verb_name='build', build_base='build', install_base='install', merge_install=False, symlink_install=True, test_result_base=None, continue_on_error=False, executor='parallel', parallel_workers=4, event_handlers=None, ignore_user_meta=False, metas=['./colcon.meta'], base_paths=['.'], packages_ignore=None, packages_ignore_regex=None, paths=None, packages_up_to=None, packages_up_to_regex=None, packages_above=None, packages_above_and_dependencies=None, packages_above_depth=None, packages_select_by_dep=None, packages_skip_by_dep=None, packages_skip_up_to=None, packages_select_build_failed=False, packages_skip_build_finished=False, packages_select_test_failures=False, packages_skip_test_passed=False, packages_select=None, packages_skip=None, packages_select_regex=None, packages_skip_regex=None, packages_start=None, packages_end=None, allow_overriding=[], cmake_args=None, cmake_target=None, cmake_target_skip_unavailable=False, cmake_clean_cache=False, cmake_clean_first=False, cmake_force_configure=False, ament_cmake_args=None, catkin_cmake_args=None, catkin_skip_building_tests=False, mixin_files=None, mixin=None, verb_parser=<colcon_mixin.mixin.mixin_argument.MixinArgumentDecorator object at 0x79c7ca43b6d0>, verb_extension=<colcon_core.verb.build.BuildVerb object at 0x79c7ca5a85b0>, main=<bound method BuildVerb.main of <colcon_core.verb.build.BuildVerb object at 0x79c7ca5a85b0>>, mixin_verb=('build',))
[0.390s] Level 1:colcon.colcon_core.package_discovery:discover_packages(colcon_meta) check parameters
[0.390s] Level 1:colcon.colcon_core.package_discovery:discover_packages(recursive) check parameters
[0.390s] Level 1:colcon.colcon_core.package_discovery:discover_packages(ignore) check parameters
[0.390s] Level 1:colcon.colcon_core.package_discovery:discover_packages(path) check parameters
[0.391s] Level 1:colcon.colcon_core.package_discovery:discover_packages(colcon_meta) discover
[0.391s] Level 1:colcon.colcon_core.package_discovery:discover_packages(recursive) discover
[0.391s] INFO:colcon.colcon_core.package_discovery:Crawling recursively for packages in '/home/saheed/task4_submission/task4_ws'
[0.391s] Level 1:colcon.colcon_core.package_identification:_identify(.) by extensions ['ignore', 'ignore_ament_install']
[0.391s] Level 1:colcon.colcon_core.package_identification:_identify(.) by extension 'ignore'
[0.391s] Level 1:colcon.colcon_core.package_identification:_identify(.) by extension 'ignore_ament_install'
[0.391s] Level 1:colcon.colcon_core.package_identification:_identify(.) by extensions ['colcon_pkg']
[0.391s] Level 1:colcon.colcon_core.package_identification:_identify(.) by extension 'colcon_pkg'
[0.391s] Level 1:colcon.colcon_core.package_identification:_identify(.) by extensions ['colcon_meta']
[0.391s] Level 1:colcon.colcon_core.package_identification:_identify(.) by extension 'colcon_meta'
[0.391s] Level 1:colcon.colcon_core.package_identification:_identify(.) by extensions ['ros']
[0.391s] Level 1:colcon.colcon_core.package_identification:_identify(.) by extension 'ros'
[0.421s] Level 1:colcon.colcon_core.package_identification:_identify(.) by extensions ['cmake', 'python']
[0.421s] Level 1:colcon.colcon_core.package_identification:_identify(.) by extension 'cmake'
[0.421s] Level 1:colcon.colcon_core.package_identification:_identify(.) by extension 'python'
[0.421s] Level 1:colcon.colcon_core.package_identification:_identify(.) by extensions ['python_setup_py']
[0.421s] Level 1:colcon.colcon_core.package_identification:_identify(.) by extension 'python_setup_py'
[0.421s] Level 1:colcon.colcon_core.package_identification:_identify(build) by extensions ['ignore', 'ignore_ament_install']
[0.421s] Level 1:colcon.colcon_core.package_identification:_identify(build) by extension 'ignore'
[0.421s] Level 1:colcon.colcon_core.package_identification:_identify(build) ignored
[0.421s] Level 1:colcon.colcon_core.package_identification:_identify(install) by extensions ['ignore', 'ignore_ament_install']
[0.421s] Level 1:colcon.colcon_core.package_identification:_identify(install) by extension 'ignore'
[0.421s] Level 1:colcon.colcon_core.package_identification:_identify(install) ignored
[0.421s] Level 1:colcon.colcon_core.package_identification:_identify(kortex-gen3_description) by extensions ['ignore', 'ignore_ament_install']
[0.422s] Level 1:colcon.colcon_core.package_identification:_identify(kortex-gen3_description) by extension 'ignore'
[0.422s] Level 1:colcon.colcon_core.package_identification:_identify(kortex-gen3_description) by extension 'ignore_ament_install'
[0.422s] Level 1:colcon.colcon_core.package_identification:_identify(kortex-gen3_description) by extensions ['colcon_pkg']
[0.422s] Level 1:colcon.colcon_core.package_identification:_identify(kortex-gen3_description) by extension 'colcon_pkg'
[0.422s] Level 1:colcon.colcon_core.package_identification:_identify(kortex-gen3_description) by extensions ['colcon_meta']
[0.422s] Level 1:colcon.colcon_core.package_identification:_identify(kortex-gen3_description) by extension 'colcon_meta'
[0.422s] Level 1:colcon.colcon_core.package_identification:_identify(kortex-gen3_description) by extensions ['ros']
[0.422s] Level 1:colcon.colcon_core.package_identification:_identify(kortex-gen3_description) by extension 'ros'
[0.424s] DEBUG:colcon.colcon_core.package_identification:Package 'kortex-gen3_description' with type 'ros.ament_cmake' and name 'kortex-gen3_description'
[0.424s] Level 1:colcon.colcon_core.package_identification:_identify(log) by extensions ['ignore', 'ignore_ament_install']
[0.424s] Level 1:colcon.colcon_core.package_identification:_identify(log) by extension 'ignore'
[0.425s] Level 1:colcon.colcon_core.package_identification:_identify(log) ignored
[0.425s] Level 1:colcon.colcon_core.package_discovery:discover_packages(recursive) using defaults
[0.425s] Level 1:colcon.colcon_core.package_discovery:discover_packages(ignore) discover
[0.425s] Level 1:colcon.colcon_core.package_discovery:discover_packages(ignore) using defaults
[0.425s] Level 1:colcon.colcon_core.package_discovery:discover_packages(path) discover
[0.425s] Level 1:colcon.colcon_core.package_discovery:discover_packages(path) using defaults
[0.450s] Level 1:colcon.colcon_core.package_discovery:discover_packages(prefix_path) check parameters
[0.450s] Level 1:colcon.colcon_core.package_discovery:discover_packages(prefix_path) discover
[0.451s] WARNING:colcon.colcon_ros.prefix_path.ament:The path '/home/saheed/task4_submission/task4_ws/install/kortex-gen3_description' in the environment variable AMENT_PREFIX_PATH doesn't exist
[0.452s] WARNING:colcon.colcon_ros.prefix_path.catkin:The path '/home/saheed/task4_submission/task4_ws/install/kortex-gen3_description' in the environment variable CMAKE_PREFIX_PATH doesn't exist
[0.452s] DEBUG:colcon.colcon_installed_package_information.package_discovery:Found 0 installed packages in /home/saheed/task4_submission/task4_ws/install
[0.453s] DEBUG:colcon.colcon_installed_package_information.package_discovery:Found 1 installed packages in /home/saheed/testing_ws/install
[0.453s] DEBUG:colcon.colcon_installed_package_information.package_discovery:Found 4 installed packages in /home/saheed/ros2_ws/install
[0.454s] DEBUG:colcon.colcon_installed_package_information.package_discovery:Found 17 installed packages in /home/saheed/ros2_class1_ws/install
[0.455s] DEBUG:colcon.colcon_installed_package_information.package_discovery:Found 339 installed packages in /opt/ros/humble
[0.458s] Level 1:colcon.colcon_core.package_discovery:discover_packages(prefix_path) using defaults
[0.519s] Level 5:colcon.colcon_core.verb:set package 'kortex-gen3_description' build argument 'cmake_args' from command line to 'None'
[0.519s] Level 5:colcon.colcon_core.verb:set package 'kortex-gen3_description' build argument 'cmake_target' from command line to 'None'
[0.519s] Level 5:colcon.colcon_core.verb:set package 'kortex-gen3_description' build argument 'cmake_target_skip_unavailable' from command line to 'False'
[0.519s] Level 5:colcon.colcon_core.verb:set package 'kortex-gen3_description' build argument 'cmake_clean_cache' from command line to 'False'
[0.519s] Level 5:colcon.colcon_core.verb:set package 'kortex-gen3_description' build argument 'cmake_clean_first' from command line to 'False'
[0.519s] Level 5:colcon.colcon_core.verb:set package 'kortex-gen3_description' build argument 'cmake_force_configure' from command line to 'False'
[0.519s] Level 5:colcon.colcon_core.verb:set package 'kortex-gen3_description' build argument 'ament_cmake_args' from command line to 'None'
[0.519s] Level 5:colcon.colcon_core.verb:set package 'kortex-gen3_description' build argument 'catkin_cmake_args' from command line to 'None'
[0.519s] Level 5:colcon.colcon_core.verb:set package 'kortex-gen3_description' build argument 'catkin_skip_building_tests' from command line to 'False'
[0.519s] DEBUG:colcon.colcon_core.verb:Building package 'kortex-gen3_description' with the following arguments: {'ament_cmake_args': None, 'build_base': '/home/saheed/task4_submission/task4_ws/build/kortex-gen3_description', 'catkin_cmake_args': None, 'catkin_skip_building_tests': False, 'cmake_args': None, 'cmake_clean_cache': False, 'cmake_clean_first': False, 'cmake_force_configure': False, 'cmake_target': None, 'cmake_target_skip_unavailable': False, 'install_base': '/home/saheed/task4_submission/task4_ws/install/kortex-gen3_description', 'merge_install': False, 'path': '/home/saheed/task4_submission/task4_ws/kortex-gen3_description', 'symlink_install': True, 'test_result_base': None}
[0.520s] INFO:colcon.colcon_core.executor:Executing jobs using 'parallel' executor
[0.522s] DEBUG:colcon.colcon_parallel_executor.executor.parallel:run_until_complete
[0.523s] INFO:colcon.colcon_ros.task.ament_cmake.build:Building ROS package in '/home/saheed/task4_submission/task4_ws/kortex-gen3_description' with build type 'ament_cmake'
[0.523s] INFO:colcon.colcon_cmake.task.cmake.build:Building CMake package in '/home/saheed/task4_submission/task4_ws/kortex-gen3_description'
[0.527s] INFO:colcon.colcon_core.plugin_system:Skipping extension 'colcon_core.shell.bat': Not used on non-Windows systems
[0.527s] INFO:colcon.colcon_core.shell:Skip shell extension 'powershell' for command environment: Not usable outside of PowerShell
[0.527s] DEBUG:colcon.colcon_core.shell:Skip shell extension 'dsv' for command environment
[0.543s] DEBUG:colcon.colcon_core.event_handler.log_command:Invoking command in '/home/saheed/task4_submission/task4_ws/build/kortex-gen3_description': CMAKE_PREFIX_PATH=${CMAKE_PREFIX_PATH}:/home/saheed/testing_ws/install/test_py_pkg:/home/saheed/ros2_ws/install/retial_py_pkg:/home/saheed/ros2_ws/install/my_py_pkg:/home/saheed/ros2_ws/install/my_first_robot:/opt/ros/humble /usr/bin/cmake /home/saheed/task4_submission/task4_ws/kortex-gen3_description -DAMENT_CMAKE_SYMLINK_INSTALL=1 -DCMAKE_INSTALL_PREFIX=/home/saheed/task4_submission/task4_ws/install/kortex-gen3_description
[1.533s] DEBUG:colcon.colcon_core.event_handler.log_command:Invoked command in '/home/saheed/task4_submission/task4_ws/build/kortex-gen3_description' returned '0': CMAKE_PREFIX_PATH=${CMAKE_PREFIX_PATH}:/home/saheed/testing_ws/install/test_py_pkg:/home/saheed/ros2_ws/install/retial_py_pkg:/home/saheed/ros2_ws/install/my_py_pkg:/home/saheed/ros2_ws/install/my_first_robot:/opt/ros/humble /usr/bin/cmake /home/saheed/task4_submission/task4_ws/kortex-gen3_description -DAMENT_CMAKE_SYMLINK_INSTALL=1 -DCMAKE_INSTALL_PREFIX=/home/saheed/task4_submission/task4_ws/install/kortex-gen3_description
[1.535s] DEBUG:colcon.colcon_core.event_handler.log_command:Invoking command in '/home/saheed/task4_submission/task4_ws/build/kortex-gen3_description': CMAKE_PREFIX_PATH=${CMAKE_PREFIX_PATH}:/home/saheed/testing_ws/install/test_py_pkg:/home/saheed/ros2_ws/install/retial_py_pkg:/home/saheed/ros2_ws/install/my_py_pkg:/home/saheed/ros2_ws/install/my_first_robot:/opt/ros/humble /usr/bin/cmake --build /home/saheed/task4_submission/task4_ws/build/kortex-gen3_description -- -j4 -l4
[1.590s] DEBUG:colcon.colcon_core.event_handler.log_command:Invoked command in '/home/saheed/task4_submission/task4_ws/build/kortex-gen3_description' returned '0': CMAKE_PREFIX_PATH=${CMAKE_PREFIX_PATH}:/home/saheed/testing_ws/install/test_py_pkg:/home/saheed/ros2_ws/install/retial_py_pkg:/home/saheed/ros2_ws/install/my_py_pkg:/home/saheed/ros2_ws/install/my_first_robot:/opt/ros/humble /usr/bin/cmake --build /home/saheed/task4_submission/task4_ws/build/kortex-gen3_description -- -j4 -l4
[1.604s] DEBUG:colcon.colcon_core.event_handler.log_command:Invoking command in '/home/saheed/task4_submission/task4_ws/build/kortex-gen3_description': CMAKE_PREFIX_PATH=${CMAKE_PREFIX_PATH}:/home/saheed/testing_ws/install/test_py_pkg:/home/saheed/ros2_ws/install/retial_py_pkg:/home/saheed/ros2_ws/install/my_py_pkg:/home/saheed/ros2_ws/install/my_first_robot:/opt/ros/humble /usr/bin/cmake --install /home/saheed/task4_submission/task4_ws/build/kortex-gen3_description
[1.820s] Level 1:colcon.colcon_core.environment:create_environment_scripts_only(kortex-gen3_description)
[1.821s] DEBUG:colcon.colcon_core.event_handler.log_command:Invoked command in '/home/saheed/task4_submission/task4_ws/build/kortex-gen3_description' returned '0': CMAKE_PREFIX_PATH=${CMAKE_PREFIX_PATH}:/home/saheed/testing_ws/install/test_py_pkg:/home/saheed/ros2_ws/install/retial_py_pkg:/home/saheed/ros2_ws/install/my_py_pkg:/home/saheed/ros2_ws/install/my_first_robot:/opt/ros/humble /usr/bin/cmake --install /home/saheed/task4_submission/task4_ws/build/kortex-gen3_description
[1.824s] Level 1:colcon.colcon_core.environment:checking '/home/saheed/task4_submission/task4_ws/install/kortex-gen3_description' for CMake module files
[1.824s] Level 1:colcon.colcon_core.environment:checking '/home/saheed/task4_submission/task4_ws/install/kortex-gen3_description' for CMake config files
[1.824s] Level 1:colcon.colcon_core.shell:create_environment_hook('kortex-gen3_description', 'cmake_prefix_path')
[1.825s] INFO:colcon.colcon_core.shell:Creating environment hook '/home/saheed/task4_submission/task4_ws/install/kortex-gen3_description/share/kortex-gen3_description/hook/cmake_prefix_path.ps1'
[1.825s] INFO:colcon.colcon_core.shell:Creating environment descriptor '/home/saheed/task4_submission/task4_ws/install/kortex-gen3_description/share/kortex-gen3_description/hook/cmake_prefix_path.dsv'
[1.826s] INFO:colcon.colcon_core.shell:Creating environment hook '/home/saheed/task4_submission/task4_ws/install/kortex-gen3_description/share/kortex-gen3_description/hook/cmake_prefix_path.sh'
[1.827s] Level 1:colcon.colcon_core.environment:checking '/home/saheed/task4_submission/task4_ws/install/kortex-gen3_description/bin'
[1.827s] Level 1:colcon.colcon_core.environment:checking '/home/saheed/task4_submission/task4_ws/install/kortex-gen3_description/lib/pkgconfig/kortex-gen3_description.pc'
[1.827s] Level 1:colcon.colcon_core.environment:checking '/home/saheed/task4_submission/task4_ws/install/kortex-gen3_description/lib/python3.10/site-packages'
[1.828s] Level 1:colcon.colcon_core.environment:checking '/home/saheed/task4_submission/task4_ws/install/kortex-gen3_description/bin'
[1.828s] INFO:colcon.colcon_core.shell:Creating package script '/home/saheed/task4_submission/task4_ws/install/kortex-gen3_description/share/kortex-gen3_description/package.ps1'
[1.829s] INFO:colcon.colcon_core.shell:Creating package descriptor '/home/saheed/task4_submission/task4_ws/install/kortex-gen3_description/share/kortex-gen3_description/package.dsv'
[1.829s] INFO:colcon.colcon_core.shell:Creating package script '/home/saheed/task4_submission/task4_ws/install/kortex-gen3_description/share/kortex-gen3_description/package.sh'
[1.830s] INFO:colcon.colcon_core.shell:Creating package script '/home/saheed/task4_submission/task4_ws/install/kortex-gen3_description/share/kortex-gen3_description/package.bash'
[1.831s] INFO:colcon.colcon_core.shell:Creating package script '/home/saheed/task4_submission/task4_ws/install/kortex-gen3_description/share/kortex-gen3_description/package.zsh'
[1.833s] Level 1:colcon.colcon_core.environment:create_file_with_runtime_dependencies(/home/saheed/task4_submission/task4_ws/install/kortex-gen3_description/share/colcon-core/packages/kortex-gen3_description)
[1.834s] Level 1:colcon.colcon_core.environment:create_environment_scripts_only(kortex-gen3_description)
[1.834s] Level 1:colcon.colcon_core.environment:checking '/home/saheed/task4_submission/task4_ws/install/kortex-gen3_description' for CMake module files
[1.835s] Level 1:colcon.colcon_core.environment:checking '/home/saheed/task4_submission/task4_ws/install/kortex-gen3_description' for CMake config files
[1.835s] Level 1:colcon.colcon_core.shell:create_environment_hook('kortex-gen3_description', 'cmake_prefix_path')
[1.835s] INFO:colcon.colcon_core.shell:Creating environment hook '/home/saheed/task4_submission/task4_ws/install/kortex-gen3_description/share/kortex-gen3_description/hook/cmake_prefix_path.ps1'
[1.836s] INFO:colcon.colcon_core.shell:Creating environment descriptor '/home/saheed/task4_submission/task4_ws/install/kortex-gen3_description/share/kortex-gen3_description/hook/cmake_prefix_path.dsv'
[1.837s] INFO:colcon.colcon_core.shell:Creating environment hook '/home/saheed/task4_submission/task4_ws/install/kortex-gen3_description/share/kortex-gen3_description/hook/cmake_prefix_path.sh'
[1.839s] Level 1:colcon.colcon_core.environment:checking '/home/saheed/task4_submission/task4_ws/install/kortex-gen3_description/bin'
[1.839s] Level 1:colcon.colcon_core.environment:checking '/home/saheed/task4_submission/task4_ws/install/kortex-gen3_description/lib/pkgconfig/kortex-gen3_description.pc'
[1.839s] Level 1:colcon.colcon_core.environment:checking '/home/saheed/task4_submission/task4_ws/install/kortex-gen3_description/lib/python3.10/site-packages'
[1.841s] Level 1:colcon.colcon_core.environment:checking '/home/saheed/task4_submission/task4_ws/install/kortex-gen3_description/bin'
[1.841s] INFO:colcon.colcon_core.shell:Creating package script '/home/saheed/task4_submission/task4_ws/install/kortex-gen3_description/share/kortex-gen3_description/package.ps1'
[1.842s] INFO:colcon.colcon_core.shell:Creating package descriptor '/home/saheed/task4_submission/task4_ws/install/kortex-gen3_description/share/kortex-gen3_description/package.dsv'
[1.843s] INFO:colcon.colcon_core.shell:Creating package script '/home/saheed/task4_submission/task4_ws/install/kortex-gen3_description/share/kortex-gen3_description/package.sh'
[1.843s] INFO:colcon.colcon_core.shell:Creating package script '/home/saheed/task4_submission/task4_ws/install/kortex-gen3_description/share/kortex-gen3_description/package.bash'
[1.844s] INFO:colcon.colcon_core.shell:Creating package script '/home/saheed/task4_submission/task4_ws/install/kortex-gen3_description/share/kortex-gen3_description/package.zsh'
[1.844s] Level 1:colcon.colcon_core.environment:create_file_with_runtime_dependencies(/home/saheed/task4_submission/task4_ws/install/kortex-gen3_description/share/colcon-core/packages/kortex-gen3_description)
[1.844s] DEBUG:colcon.colcon_parallel_executor.executor.parallel:closing loop
[1.845s] DEBUG:colcon.colcon_parallel_executor.executor.parallel:loop closed
[1.845s] DEBUG:colcon.colcon_parallel_executor.executor.parallel:run_until_complete finished with '0'
[1.845s] DEBUG:colcon.colcon_core.event_reactor:joining thread
[1.851s] INFO:colcon.colcon_core.plugin_system:Skipping extension 'colcon_notification.desktop_notification.terminal_notifier': Not used on non-Darwin systems
[1.851s] INFO:colcon.colcon_core.plugin_system:Skipping extension 'colcon_notification.desktop_notification.win32': Not used on non-Windows systems
[1.852s] INFO:colcon.colcon_notification.desktop_notification:Sending desktop notification using 'notify2'
[1.871s] DEBUG:colcon.colcon_core.event_reactor:joined thread
[1.871s] INFO:colcon.colcon_core.shell:Creating prefix script '/home/saheed/task4_submission/task4_ws/install/local_setup.ps1'
[1.873s] INFO:colcon.colcon_core.shell:Creating prefix util module '/home/saheed/task4_submission/task4_ws/install/_local_setup_util_ps1.py'
[1.876s] INFO:colcon.colcon_core.shell:Creating prefix chain script '/home/saheed/task4_submission/task4_ws/install/setup.ps1'
[1.881s] INFO:colcon.colcon_core.shell:Creating prefix script '/home/saheed/task4_submission/task4_ws/install/local_setup.sh'
[1.882s] INFO:colcon.colcon_core.shell:Creating prefix util module '/home/saheed/task4_submission/task4_ws/install/_local_setup_util_sh.py'
[1.885s] INFO:colcon.colcon_core.shell:Creating prefix chain script '/home/saheed/task4_submission/task4_ws/install/setup.sh'
[1.890s] INFO:colcon.colcon_core.shell:Creating prefix script '/home/saheed/task4_submission/task4_ws/install/local_setup.bash'
[1.892s] INFO:colcon.colcon_core.shell:Creating prefix chain script '/home/saheed/task4_submission/task4_ws/install/setup.bash'
[1.900s] INFO:colcon.colcon_core.shell:Creating prefix script '/home/saheed/task4_submission/task4_ws/install/local_setup.zsh'
[1.902s] INFO:colcon.colcon_core.shell:Creating prefix chain script '/home/saheed/task4_submission/task4_ws/install/setup.zsh'
