[0.051s] Invoking command in '/home/saheed/task4_submission/task4_ws/build/kortex-gen3_description': CMAKE_PREFIX_PATH=${CMAKE_PREFIX_PATH}:/home/saheed/testing_ws/install/test_py_pkg:/home/saheed/ros2_ws/install/retial_py_pkg:/home/saheed/ros2_ws/install/my_py_pkg:/home/saheed/ros2_ws/install/my_first_robot:/opt/ros/humble /usr/bin/cmake /home/saheed/task4_submission/task4_ws/kortex-gen3_description -DCMAKE_INSTALL_PREFIX=/home/saheed/task4_submission/task4_ws/install/kortex-gen3_description
[0.951s] -- The C compiler identification is GNU 11.4.0
[1.556s] -- The CXX compiler identification is GNU 11.4.0
[1.659s] -- Detecting C compiler ABI info
[1.939s] -- Detecting C compiler ABI info - done
[1.948s] -- Check for working C compiler: /usr/bin/cc - skipped
[1.948s] -- Detecting C compile features
[1.978s] -- Detecting C compile features - done
[2.027s] -- Detecting CXX compiler ABI info
[2.216s] -- Detecting CXX compiler ABI info - done
[2.227s] -- Check for working CXX compiler: /usr/bin/c++ - skipped
[2.228s] -- Detecting CXX compile features
[2.228s] -- Detecting CXX compile features - done
[2.344s] -- Found ament_cmake: 1.3.12 (/opt/ros/humble/share/ament_cmake/cmake)
[2.674s] -- Found Python3: /usr/bin/python3 (found version "3.10.12") found components: Interpreter 
[3.202s] -- Found ament_lint_auto: 0.12.14 (/opt/ros/humble/share/ament_lint_auto/cmake)
[3.460s] -- Added test 'lint_cmake' to check CMake code style
[3.489s] -- Added test 'xmllint' to check XML markup files
[3.521s] -- Configuring done
[3.537s] -- Generating done
[3.546s] -- Build files have been written to: /home/saheed/task4_submission/task4_ws/build/kortex-gen3_description
[3.551s] Invoked command in '/home/saheed/task4_submission/task4_ws/build/kortex-gen3_description' returned '0': CMAKE_PREFIX_PATH=${CMAKE_PREFIX_PATH}:/home/saheed/testing_ws/install/test_py_pkg:/home/saheed/ros2_ws/install/retial_py_pkg:/home/saheed/ros2_ws/install/my_py_pkg:/home/saheed/ros2_ws/install/my_first_robot:/opt/ros/humble /usr/bin/cmake /home/saheed/task4_submission/task4_ws/kortex-gen3_description -DCMAKE_INSTALL_PREFIX=/home/saheed/task4_submission/task4_ws/install/kortex-gen3_description
[3.553s] Invoking command in '/home/saheed/task4_submission/task4_ws/build/kortex-gen3_description': CMAKE_PREFIX_PATH=${CMAKE_PREFIX_PATH}:/home/saheed/testing_ws/install/test_py_pkg:/home/saheed/ros2_ws/install/retial_py_pkg:/home/saheed/ros2_ws/install/my_py_pkg:/home/saheed/ros2_ws/install/my_first_robot:/opt/ros/humble /usr/bin/cmake --build /home/saheed/task4_submission/task4_ws/build/kortex-gen3_description -- -j4 -l4
[3.597s] Invoked command in '/home/saheed/task4_submission/task4_ws/build/kortex-gen3_description' returned '0': CMAKE_PREFIX_PATH=${CMAKE_PREFIX_PATH}:/home/saheed/testing_ws/install/test_py_pkg:/home/saheed/ros2_ws/install/retial_py_pkg:/home/saheed/ros2_ws/install/my_py_pkg:/home/saheed/ros2_ws/install/my_first_robot:/opt/ros/humble /usr/bin/cmake --build /home/saheed/task4_submission/task4_ws/build/kortex-gen3_description -- -j4 -l4
[3.608s] Invoking command in '/home/saheed/task4_submission/task4_ws/build/kortex-gen3_description': CMAKE_PREFIX_PATH=${CMAKE_PREFIX_PATH}:/home/saheed/testing_ws/install/test_py_pkg:/home/saheed/ros2_ws/install/retial_py_pkg:/home/saheed/ros2_ws/install/my_py_pkg:/home/saheed/ros2_ws/install/my_first_robot:/opt/ros/humble /usr/bin/cmake --install /home/saheed/task4_submission/task4_ws/build/kortex-gen3_description
[3.617s] -- Install configuration: ""
[3.617s] -- Installing: /home/saheed/task4_submission/task4_ws/install/kortex-gen3_description/share/kortex-gen3_description//meshes
[3.617s] -- Installing: /home/saheed/task4_submission/task4_ws/install/kortex-gen3_description/share/kortex-gen3_description//meshes/upper_wrist_link.STL
[3.618s] -- Installing: /home/saheed/task4_submission/task4_ws/install/kortex-gen3_description/share/kortex-gen3_description//meshes/base_link.STL
[3.620s] -- Installing: /home/saheed/task4_submission/task4_ws/install/kortex-gen3_description/share/kortex-gen3_description//meshes/shoulder_link.STL
[3.620s] -- Installing: /home/saheed/task4_submission/task4_ws/install/kortex-gen3_description/share/kortex-gen3_description//meshes/forearm_link.STL
[3.621s] -- Installing: /home/saheed/task4_submission/task4_ws/install/kortex-gen3_description/share/kortex-gen3_description//meshes/lower_wrist_link.STL
[3.622s] -- Installing: /home/saheed/task4_submission/task4_ws/install/kortex-gen3_description/share/kortex-gen3_description//meshes/arm_link.STL
[3.622s] -- Installing: /home/saheed/task4_submission/task4_ws/install/kortex-gen3_description/share/kortex-gen3_description//urdf
[3.623s] -- Installing: /home/saheed/task4_submission/task4_ws/install/kortex-gen3_description/share/kortex-gen3_description//urdf/arm.urdf
[3.623s] -- Installing: /home/saheed/task4_submission/task4_ws/install/kortex-gen3_description/share/ament_index/resource_index/package_run_dependencies/kortex-gen3_description
[3.623s] -- Installing: /home/saheed/task4_submission/task4_ws/install/kortex-gen3_description/share/ament_index/resource_index/parent_prefix_path/kortex-gen3_description
[3.623s] -- Installing: /home/saheed/task4_submission/task4_ws/install/kortex-gen3_description/share/kortex-gen3_description/environment/ament_prefix_path.sh
[3.624s] -- Installing: /home/saheed/task4_submission/task4_ws/install/kortex-gen3_description/share/kortex-gen3_description/environment/ament_prefix_path.dsv
[3.624s] -- Installing: /home/saheed/task4_submission/task4_ws/install/kortex-gen3_description/share/kortex-gen3_description/environment/path.sh
[3.624s] -- Installing: /home/saheed/task4_submission/task4_ws/install/kortex-gen3_description/share/kortex-gen3_description/environment/path.dsv
[3.624s] -- Installing: /home/saheed/task4_submission/task4_ws/install/kortex-gen3_description/share/kortex-gen3_description/local_setup.bash
[3.624s] -- Installing: /home/saheed/task4_submission/task4_ws/install/kortex-gen3_description/share/kortex-gen3_description/local_setup.sh
[3.624s] -- Installing: /home/saheed/task4_submission/task4_ws/install/kortex-gen3_description/share/kortex-gen3_description/local_setup.zsh
[3.624s] -- Installing: /home/saheed/task4_submission/task4_ws/install/kortex-gen3_description/share/kortex-gen3_description/local_setup.dsv
[3.625s] -- Installing: /home/saheed/task4_submission/task4_ws/install/kortex-gen3_description/share/kortex-gen3_description/package.dsv
[3.625s] -- Installing: /home/saheed/task4_submission/task4_ws/install/kortex-gen3_description/share/ament_index/resource_index/packages/kortex-gen3_description
[3.625s] -- Installing: /home/saheed/task4_submission/task4_ws/install/kortex-gen3_description/share/kortex-gen3_description/cmake/kortex-gen3_descriptionConfig.cmake
[3.625s] -- Installing: /home/saheed/task4_submission/task4_ws/install/kortex-gen3_description/share/kortex-gen3_description/cmake/kortex-gen3_descriptionConfig-version.cmake
[3.625s] -- Installing: /home/saheed/task4_submission/task4_ws/install/kortex-gen3_description/share/kortex-gen3_description/package.xml
[3.627s] Invoked command in '/home/saheed/task4_submission/task4_ws/build/kortex-gen3_description' returned '0': CMAKE_PREFIX_PATH=${CMAKE_PREFIX_PATH}:/home/saheed/testing_ws/install/test_py_pkg:/home/saheed/ros2_ws/install/retial_py_pkg:/home/saheed/ros2_ws/install/my_py_pkg:/home/saheed/ros2_ws/install/my_first_robot:/opt/ros/humble /usr/bin/cmake --install /home/saheed/task4_submission/task4_ws/build/kortex-gen3_description
