-- Install configuration: ""
-- Up-to-date: /home/saheed/task4_submission/task4_ws/install/kortex-gen3_description/share/kortex-gen3_description//meshes
-- Up-to-date: /home/saheed/task4_submission/task4_ws/install/kortex-gen3_description/share/kortex-gen3_description//meshes/upper_wrist_link.STL
-- Up-to-date: /home/saheed/task4_submission/task4_ws/install/kortex-gen3_description/share/kortex-gen3_description//meshes/base_link.STL
-- Up-to-date: /home/saheed/task4_submission/task4_ws/install/kortex-gen3_description/share/kortex-gen3_description//meshes/shoulder_link.STL
-- Up-to-date: /home/saheed/task4_submission/task4_ws/install/kortex-gen3_description/share/kortex-gen3_description//meshes/forearm_link.STL
-- Up-to-date: /home/saheed/task4_submission/task4_ws/install/kortex-gen3_description/share/kortex-gen3_description//meshes/lower_wrist_link.STL
-- Up-to-date: /home/saheed/task4_submission/task4_ws/install/kortex-gen3_description/share/kortex-gen3_description//meshes/arm_link.STL
-- Up-to-date: /home/saheed/task4_submission/task4_ws/install/kortex-gen3_description/share/kortex-gen3_description//urdf
-- Installing: /home/saheed/task4_submission/task4_ws/install/kortex-gen3_description/share/kortex-gen3_description//urdf/arm.urdf
-- Up-to-date: /home/saheed/task4_submission/task4_ws/install/kortex-gen3_description/share/ament_index/resource_index/package_run_dependencies/kortex-gen3_description
-- Up-to-date: /home/saheed/task4_submission/task4_ws/install/kortex-gen3_description/share/ament_index/resource_index/parent_prefix_path/kortex-gen3_description
-- Up-to-date: /home/saheed/task4_submission/task4_ws/install/kortex-gen3_description/share/kortex-gen3_description/environment/ament_prefix_path.sh
-- Up-to-date: /home/saheed/task4_submission/task4_ws/install/kortex-gen3_description/share/kortex-gen3_description/environment/ament_prefix_path.dsv
-- Up-to-date: /home/saheed/task4_submission/task4_ws/install/kortex-gen3_description/share/kortex-gen3_description/environment/path.sh
-- Up-to-date: /home/saheed/task4_submission/task4_ws/install/kortex-gen3_description/share/kortex-gen3_description/environment/path.dsv
-- Up-to-date: /home/saheed/task4_submission/task4_ws/install/kortex-gen3_description/share/kortex-gen3_description/local_setup.bash
-- Up-to-date: /home/saheed/task4_submission/task4_ws/install/kortex-gen3_description/share/kortex-gen3_description/local_setup.sh
-- Up-to-date: /home/saheed/task4_submission/task4_ws/install/kortex-gen3_description/share/kortex-gen3_description/local_setup.zsh
-- Up-to-date: /home/saheed/task4_submission/task4_ws/install/kortex-gen3_description/share/kortex-gen3_description/local_setup.dsv
-- Up-to-date: /home/saheed/task4_submission/task4_ws/install/kortex-gen3_description/share/kortex-gen3_description/package.dsv
-- Up-to-date: /home/saheed/task4_submission/task4_ws/install/kortex-gen3_description/share/ament_index/resource_index/packages/kortex-gen3_description
-- Up-to-date: /home/saheed/task4_submission/task4_ws/install/kortex-gen3_description/share/kortex-gen3_description/cmake/kortex-gen3_descriptionConfig.cmake
-- Up-to-date: /home/saheed/task4_submission/task4_ws/install/kortex-gen3_description/share/kortex-gen3_description/cmake/kortex-gen3_descriptionConfig-version.cmake
-- Up-to-date: /home/saheed/task4_submission/task4_ws/install/kortex-gen3_description/share/kortex-gen3_description/package.xml
