[0.105s] Invoking command in '/home/saheed/task4_submission/task4_ws/build/kortex-gen3_description': CMAKE_PREFIX_PATH=${CMAKE_PREFIX_PATH}:/home/saheed/testing_ws/install/test_py_pkg:/home/saheed/ros2_ws/install/retial_py_pkg:/home/saheed/ros2_ws/install/my_py_pkg:/home/saheed/ros2_ws/install/my_first_robot:/opt/ros/humble /usr/bin/cmake --build /home/saheed/task4_submission/task4_ws/build/kortex-gen3_description -- -j4 -l4
[0.311s] Invoked command in '/home/saheed/task4_submission/task4_ws/build/kortex-gen3_description' returned '0': CMAKE_PREFIX_PATH=${CMAKE_PREFIX_PATH}:/home/saheed/testing_ws/install/test_py_pkg:/home/saheed/ros2_ws/install/retial_py_pkg:/home/saheed/ros2_ws/install/my_py_pkg:/home/saheed/ros2_ws/install/my_first_robot:/opt/ros/humble /usr/bin/cmake --build /home/saheed/task4_submission/task4_ws/build/kortex-gen3_description -- -j4 -l4
[0.339s] Invoking command in '/home/saheed/task4_submission/task4_ws/build/kortex-gen3_description': CMAKE_PREFIX_PATH=${CMAKE_PREFIX_PATH}:/home/saheed/testing_ws/install/test_py_pkg:/home/saheed/ros2_ws/install/retial_py_pkg:/home/saheed/ros2_ws/install/my_py_pkg:/home/saheed/ros2_ws/install/my_first_robot:/opt/ros/humble /usr/bin/cmake --install /home/saheed/task4_submission/task4_ws/build/kortex-gen3_description
[0.359s] -- Install configuration: ""
[0.398s] -- Up-to-date: /home/saheed/task4_submission/task4_ws/install/kortex-gen3_description/share/kortex-gen3_description//meshes
[0.398s] -- Up-to-date: /home/saheed/task4_submission/task4_ws/install/kortex-gen3_description/share/kortex-gen3_description//meshes/upper_wrist_link.STL
[0.399s] -- Up-to-date: /home/saheed/task4_submission/task4_ws/install/kortex-gen3_description/share/kortex-gen3_description//meshes/base_link.STL
[0.399s] -- Up-to-date: /home/saheed/task4_submission/task4_ws/install/kortex-gen3_description/share/kortex-gen3_description//meshes/shoulder_link.STL
[0.399s] -- Up-to-date: /home/saheed/task4_submission/task4_ws/install/kortex-gen3_description/share/kortex-gen3_description//meshes/forearm_link.STL
[0.399s] -- Up-to-date: /home/saheed/task4_submission/task4_ws/install/kortex-gen3_description/share/kortex-gen3_description//meshes/lower_wrist_link.STL
[0.399s] -- Up-to-date: /home/saheed/task4_submission/task4_ws/install/kortex-gen3_description/share/kortex-gen3_description//meshes/arm_link.STL
[0.399s] -- Up-to-date: /home/saheed/task4_submission/task4_ws/install/kortex-gen3_description/share/kortex-gen3_description//urdf
[0.399s] -- Installing: /home/saheed/task4_submission/task4_ws/install/kortex-gen3_description/share/kortex-gen3_description//urdf/arm.urdf
[0.400s] -- Up-to-date: /home/saheed/task4_submission/task4_ws/install/kortex-gen3_description/share/ament_index/resource_index/package_run_dependencies/kortex-gen3_description
[0.400s] -- Up-to-date: /home/saheed/task4_submission/task4_ws/install/kortex-gen3_description/share/ament_index/resource_index/parent_prefix_path/kortex-gen3_description
[0.400s] -- Up-to-date: /home/saheed/task4_submission/task4_ws/install/kortex-gen3_description/share/kortex-gen3_description/environment/ament_prefix_path.sh
[0.400s] -- Up-to-date: /home/saheed/task4_submission/task4_ws/install/kortex-gen3_description/share/kortex-gen3_description/environment/ament_prefix_path.dsv
[0.400s] -- Up-to-date: /home/saheed/task4_submission/task4_ws/install/kortex-gen3_description/share/kortex-gen3_description/environment/path.sh
[0.400s] -- Up-to-date: /home/saheed/task4_submission/task4_ws/install/kortex-gen3_description/share/kortex-gen3_description/environment/path.dsv
[0.400s] -- Up-to-date: /home/saheed/task4_submission/task4_ws/install/kortex-gen3_description/share/kortex-gen3_description/local_setup.bash
[0.400s] -- Up-to-date: /home/saheed/task4_submission/task4_ws/install/kortex-gen3_description/share/kortex-gen3_description/local_setup.sh
[0.400s] -- Up-to-date: /home/saheed/task4_submission/task4_ws/install/kortex-gen3_description/share/kortex-gen3_description/local_setup.zsh
[0.400s] -- Up-to-date: /home/saheed/task4_submission/task4_ws/install/kortex-gen3_description/share/kortex-gen3_description/local_setup.dsv
[0.400s] -- Up-to-date: /home/saheed/task4_submission/task4_ws/install/kortex-gen3_description/share/kortex-gen3_description/package.dsv
[0.401s] -- Up-to-date: /home/saheed/task4_submission/task4_ws/install/kortex-gen3_description/share/ament_index/resource_index/packages/kortex-gen3_description
[0.401s] -- Up-to-date: /home/saheed/task4_submission/task4_ws/install/kortex-gen3_description/share/kortex-gen3_description/cmake/kortex-gen3_descriptionConfig.cmake
[0.401s] -- Up-to-date: /home/saheed/task4_submission/task4_ws/install/kortex-gen3_description/share/kortex-gen3_description/cmake/kortex-gen3_descriptionConfig-version.cmake
[0.401s] -- Up-to-date: /home/saheed/task4_submission/task4_ws/install/kortex-gen3_description/share/kortex-gen3_description/package.xml
[0.403s] Invoked command in '/home/saheed/task4_submission/task4_ws/build/kortex-gen3_description' returned '0': CMAKE_PREFIX_PATH=${CMAKE_PREFIX_PATH}:/home/saheed/testing_ws/install/test_py_pkg:/home/saheed/ros2_ws/install/retial_py_pkg:/home/saheed/ros2_ws/install/my_py_pkg:/home/saheed/ros2_ws/install/my_first_robot:/opt/ros/humble /usr/bin/cmake --install /home/saheed/task4_submission/task4_ws/build/kortex-gen3_description
